0 verbose cli /usr/local/bin/node /usr/local/bin/npm
1 info using npm@10.9.3
2 info using node@v22.19.0
3 silly config load:file:/usr/local/lib/node_modules/npm/npmrc
4 silly config load:file:/Users/jiamingw/Documents/GitHub/RoadMap/.npmrc
5 silly config load:file:/Users/jiamingw/.npmrc
6 silly config load:file:/usr/local/etc/npmrc
7 verbose title npm ci
8 verbose argv "ci" "--cache" ".npm-cache"
9 verbose logfile logs-max:10 dir:/Users/jiamingw/Documents/GitHub/RoadMap/.npm-cache/_logs/2025-10-19T12_30_50_974Z-
10 verbose logfile /Users/jiamingw/Documents/GitHub/RoadMap/.npm-cache/_logs/2025-10-19T12_30_50_974Z-debug-0.log
11 silly logfile done cleaning log files
12 silly packumentCache heap:4345298944 maxSize:1086324736 maxEntrySize:543162368
13 silly idealTree buildDeps
14 silly reify moves {}
15 silly audit bulk request {
15 silly audit   '@adobe/css-tools': [ '4.4.4' ],
15 silly audit   '@alloc/quick-lru': [ '5.2.0' ],
15 silly audit   '@asamuzakjp/css-color': [ '3.2.0' ],
15 silly audit   '@babel/code-frame': [ '7.27.1' ],
15 silly audit   '@babel/helper-validator-identifier': [ '7.27.1' ],
15 silly audit   '@babel/runtime': [ '7.28.4' ],
15 silly audit   '@csstools/color-helpers': [ '5.1.0' ],
15 silly audit   '@csstools/css-calc': [ '2.1.4' ],
15 silly audit   '@csstools/css-color-parser': [ '3.1.0' ],
15 silly audit   '@csstools/css-parser-algorithms': [ '3.0.5' ],
15 silly audit   '@csstools/css-tokenizer': [ '3.0.4' ],
15 silly audit   '@esbuild/aix-ppc64': [ '0.21.5' ],
15 silly audit   '@esbuild/android-arm': [ '0.21.5' ],
15 silly audit   '@esbuild/android-arm64': [ '0.21.5' ],
15 silly audit   '@esbuild/android-x64': [ '0.21.5' ],
15 silly audit   '@esbuild/darwin-arm64': [ '0.21.5' ],
15 silly audit   '@esbuild/darwin-x64': [ '0.21.5' ],
15 silly audit   '@esbuild/freebsd-arm64': [ '0.21.5' ],
15 silly audit   '@esbuild/freebsd-x64': [ '0.21.5' ],
15 silly audit   '@esbuild/linux-arm': [ '0.21.5' ],
15 silly audit   '@esbuild/linux-arm64': [ '0.21.5' ],
15 silly audit   '@esbuild/linux-ia32': [ '0.21.5' ],
15 silly audit   '@esbuild/linux-loong64': [ '0.21.5' ],
15 silly audit   '@esbuild/linux-mips64el': [ '0.21.5' ],
15 silly audit   '@esbuild/linux-ppc64': [ '0.21.5' ],
15 silly audit   '@esbuild/linux-riscv64': [ '0.21.5' ],
15 silly audit   '@esbuild/linux-s390x': [ '0.21.5' ],
15 silly audit   '@esbuild/linux-x64': [ '0.21.5' ],
15 silly audit   '@esbuild/netbsd-x64': [ '0.21.5' ],
15 silly audit   '@esbuild/openbsd-x64': [ '0.21.5' ],
15 silly audit   '@esbuild/sunos-x64': [ '0.21.5' ],
15 silly audit   '@esbuild/win32-arm64': [ '0.21.5' ],
15 silly audit   '@esbuild/win32-ia32': [ '0.21.5' ],
15 silly audit   '@esbuild/win32-x64': [ '0.21.5' ],
15 silly audit   '@isaacs/cliui': [ '8.0.2' ],
15 silly audit   '@jest/schemas': [ '29.6.3' ],
15 silly audit   '@jridgewell/gen-mapping': [ '0.3.13' ],
15 silly audit   '@jridgewell/resolve-uri': [ '3.1.2' ],
15 silly audit   '@jridgewell/sourcemap-codec': [ '1.5.5' ],
15 silly audit   '@jridgewell/trace-mapping': [ '0.3.31' ],
15 silly audit   '@nodelib/fs.scandir': [ '2.1.5' ],
15 silly audit   '@nodelib/fs.stat': [ '2.0.5' ],
15 silly audit   '@nodelib/fs.walk': [ '1.2.8' ],
15 silly audit   '@pkgjs/parseargs': [ '0.11.0' ],
15 silly audit   '@radix-ui/react-compose-refs': [ '1.1.2' ],
15 silly audit   '@radix-ui/react-slot': [ '1.2.3' ],
15 silly audit   '@react-leaflet/core': [ '2.1.0' ],
15 silly audit   '@remix-run/router': [ '1.23.0' ],
15 silly audit   '@rolldown/pluginutils': [ '1.0.0-beta.27' ],
15 silly audit   '@rollup/rollup-android-arm-eabi': [ '4.52.4' ],
15 silly audit   '@rollup/rollup-android-arm64': [ '4.52.4' ],
15 silly audit   '@rollup/rollup-darwin-arm64': [ '4.52.4' ],
15 silly audit   '@rollup/rollup-darwin-x64': [ '4.52.4' ],
15 silly audit   '@rollup/rollup-freebsd-arm64': [ '4.52.4' ],
15 silly audit   '@rollup/rollup-freebsd-x64': [ '4.52.4' ],
15 silly audit   '@rollup/rollup-linux-arm-gnueabihf': [ '4.52.4' ],
15 silly audit   '@rollup/rollup-linux-arm-musleabihf': [ '4.52.4' ],
15 silly audit   '@rollup/rollup-linux-arm64-gnu': [ '4.52.4' ],
15 silly audit   '@rollup/rollup-linux-arm64-musl': [ '4.52.4' ],
15 silly audit   '@rollup/rollup-linux-loong64-gnu': [ '4.52.4' ],
15 silly audit   '@rollup/rollup-linux-ppc64-gnu': [ '4.52.4' ],
15 silly audit   '@rollup/rollup-linux-riscv64-gnu': [ '4.52.4' ],
15 silly audit   '@rollup/rollup-linux-riscv64-musl': [ '4.52.4' ],
15 silly audit   '@rollup/rollup-linux-s390x-gnu': [ '4.52.4' ],
15 silly audit   '@rollup/rollup-linux-x64-gnu': [ '4.52.4' ],
15 silly audit   '@rollup/rollup-linux-x64-musl': [ '4.52.4' ],
15 silly audit   '@rollup/rollup-openharmony-arm64': [ '4.52.4' ],
15 silly audit   '@rollup/rollup-win32-arm64-msvc': [ '4.52.4' ],
15 silly audit   '@rollup/rollup-win32-ia32-msvc': [ '4.52.4' ],
15 silly audit   '@rollup/rollup-win32-x64-gnu': [ '4.52.4' ],
15 silly audit   '@rollup/rollup-win32-x64-msvc': [ '4.52.4' ],
15 silly audit   '@sinclair/typebox': [ '0.27.8' ],
15 silly audit   '@swc/core': [ '1.13.5' ],
15 silly audit   '@swc/core-darwin-arm64': [ '1.13.5' ],
15 silly audit   '@swc/core-darwin-x64': [ '1.13.5' ],
15 silly audit   '@swc/core-linux-arm-gnueabihf': [ '1.13.5' ],
15 silly audit   '@swc/core-linux-arm64-gnu': [ '1.13.5' ],
15 silly audit   '@swc/core-linux-arm64-musl': [ '1.13.5' ],
15 silly audit   '@swc/core-linux-x64-gnu': [ '1.13.5' ],
15 silly audit   '@swc/core-linux-x64-musl': [ '1.13.5' ],
15 silly audit   '@swc/core-win32-arm64-msvc': [ '1.13.5' ],
15 silly audit   '@swc/core-win32-ia32-msvc': [ '1.13.5' ],
15 silly audit   '@swc/core-win32-x64-msvc': [ '1.13.5' ],
15 silly audit   '@swc/counter': [ '0.1.3' ],
15 silly audit   '@swc/types': [ '0.1.25' ],
15 silly audit   '@testing-library/dom': [ '10.4.1' ],
15 silly audit   '@testing-library/jest-dom': [ '6.9.1' ],
15 silly audit   'dom-accessibility-api': [ '0.6.3', '0.5.16' ],
15 silly audit   '@testing-library/react': [ '16.3.0' ],
15 silly audit   '@testing-library/user-event': [ '14.6.1' ],
15 silly audit   '@tsd/typescript': [ '5.4.5' ],
15 silly audit   '@types/aria-query': [ '5.0.4' ],
15 silly audit   '@types/eslint': [ '7.29.0' ],
15 silly audit   '@types/estree': [ '1.0.8' ],
15 silly audit   '@types/geojson': [ '7946.0.16' ],
15 silly audit   '@types/jsdom': [ '21.1.7' ],
15 silly audit   '@types/json-schema': [ '7.0.15' ],
15 silly audit   '@types/leaflet': [ '1.9.21' ],
15 silly audit   '@types/minimist': [ '1.2.5' ],
15 silly audit   '@types/node': [ '24.8.0' ],
15 silly audit   '@types/normalize-package-data': [ '2.4.4' ],
15 silly audit   '@types/papaparse': [ '5.3.16' ],
15 silly audit   '@types/prop-types': [ '15.7.15' ],
15 silly audit   '@types/react': [ '18.3.26' ],
15 silly audit   '@types/react-dom': [ '18.3.7' ],
15 silly audit   '@types/tough-cookie': [ '4.0.5' ],
15 silly audit   '@vitejs/plugin-react-swc': [ '3.11.0' ],
15 silly audit   '@vitest/expect': [ '2.1.9' ],
15 silly audit   '@vitest/mocker': [ '2.1.9' ],
15 silly audit   '@vitest/pretty-format': [ '2.1.9' ],
15 silly audit   '@vitest/runner': [ '2.1.9' ],
15 silly audit   '@vitest/snapshot': [ '2.1.9' ],
15 silly audit   '@vitest/spy': [ '2.1.9' ],
15 silly audit   '@vitest/utils': [ '2.1.9' ],
15 silly audit   'agent-base': [ '7.1.4' ],
15 silly audit   'ansi-escapes': [ '4.3.2' ],
15 silly audit   'ansi-regex': [ '5.0.1', '6.2.2' ],
15 silly audit   'ansi-styles': [ '5.2.0', '4.3.0', '6.2.3' ],
15 silly audit   'any-promise': [ '1.3.0' ],
15 silly audit   anymatch: [ '3.1.3' ],
15 silly audit   arg: [ '5.0.2' ],
15 silly audit   'aria-query': [ '5.3.0' ],
15 silly audit   'array-union': [ '2.1.0' ],
15 silly audit   arrify: [ '1.0.1' ],
15 silly audit   'assertion-error': [ '2.0.1' ],
15 silly audit   asynckit: [ '0.4.0' ],
15 silly audit   autoprefixer: [ '10.4.21' ],
15 silly audit   'balanced-match': [ '1.0.2' ],
15 silly audit   'baseline-browser-mapping': [ '2.8.17' ],
15 silly audit   'binary-extensions': [ '2.3.0' ],
15 silly audit   'brace-expansion': [ '2.0.2' ],
15 silly audit   braces: [ '3.0.3' ],
15 silly audit   browserslist: [ '4.26.3' ],
15 silly audit   cac: [ '6.7.14' ],
15 silly audit   'call-bind-apply-helpers': [ '1.0.2' ],
15 silly audit   camelcase: [ '5.3.1' ],
15 silly audit   'camelcase-css': [ '2.0.1' ],
15 silly audit   'camelcase-keys': [ '6.2.2' ],
15 silly audit   'caniuse-lite': [ '1.0.30001751' ],
15 silly audit   chai: [ '5.3.3' ],
15 silly audit   chalk: [ '4.1.2' ],
15 silly audit   'check-error': [ '2.1.1' ],
15 silly audit   chokidar: [ '3.6.0' ],
15 silly audit   'glob-parent': [ '5.1.2', '6.0.2' ],
15 silly audit   'class-variance-authority': [ '0.7.1' ],
15 silly audit   clsx: [ '2.1.1' ],
15 silly audit   'color-convert': [ '2.0.1' ],
15 silly audit   'color-name': [ '1.1.4' ],
15 silly audit   'combined-stream': [ '1.0.8' ],
15 silly audit   commander: [ '4.1.1' ],
15 silly audit   'cross-spawn': [ '7.0.6' ],
15 silly audit   'css.escape': [ '1.5.1' ],
15 silly audit   cssesc: [ '3.0.0' ],
15 silly audit   cssstyle: [ '4.6.0' ],
15 silly audit   'rrweb-cssom': [ '0.8.0', '0.7.1' ],
15 silly audit   csstype: [ '3.1.3' ],
15 silly audit   'data-urls': [ '5.0.0' ],
15 silly audit   debug: [ '4.4.3' ],
15 silly audit   decamelize: [ '1.2.0' ],
15 silly audit   'decamelize-keys': [ '1.1.1' ],
15 silly audit   'map-obj': [ '1.0.1', '4.3.0' ],
15 silly audit   'decimal.js': [ '10.6.0' ],
15 silly audit   'deep-eql': [ '5.0.2' ],
15 silly audit   'delayed-stream': [ '1.0.0' ],
15 silly audit   dequal: [ '2.0.3' ],
15 silly audit   didyoumean: [ '1.2.2' ],
15 silly audit   'diff-sequences': [ '29.6.3' ],
15 silly audit   'dir-glob': [ '3.0.1' ],
15 silly audit   dlv: [ '1.1.3' ],
15 silly audit   'dunder-proto': [ '1.0.1' ],
15 silly audit   eastasianwidth: [ '0.2.0' ],
15 silly audit   'electron-to-chromium': [ '1.5.237' ],
15 silly audit   'emoji-regex': [ '9.2.2', '8.0.0' ],
15 silly audit   entities: [ '6.0.1' ],
15 silly audit   'error-ex': [ '1.3.4' ],
15 silly audit   'es-define-property': [ '1.0.1' ],
15 silly audit   'es-errors': [ '1.3.0' ],
15 silly audit   'es-module-lexer': [ '1.7.0' ],
15 silly audit   'es-object-atoms': [ '1.1.1' ],
15 silly audit   'es-set-tostringtag': [ '2.1.0' ],
15 silly audit   esbuild: [ '0.21.5' ],
15 silly audit   escalade: [ '3.2.0' ],
15 silly audit   'eslint-formatter-pretty': [ '4.1.0' ],
15 silly audit   'string-width': [ '4.2.3', '5.1.2' ],
15 silly audit   'strip-ansi': [ '6.0.1', '7.1.2' ],
15 silly audit   'eslint-rule-docs': [ '1.1.235' ],
15 silly audit   'estree-walker': [ '3.0.3' ],
15 silly audit   'expect-type': [ '1.2.2' ],
15 silly audit   'fast-glob': [ '3.3.3' ],
15 silly audit   fastq: [ '1.19.1' ],
15 silly audit   'fill-range': [ '7.1.1' ],
15 silly audit   'find-up': [ '4.1.0' ],
15 silly audit   'foreground-child': [ '3.3.1' ],
15 silly audit   'form-data': [ '4.0.4' ],
15 silly audit   'fraction.js': [ '4.3.7' ],
15 silly audit   fsevents: [ '2.3.3' ],
15 silly audit   'function-bind': [ '1.1.2' ],
15 silly audit   'get-intrinsic': [ '1.3.0' ],
15 silly audit   'get-proto': [ '1.0.1' ],
15 silly audit   glob: [ '10.4.5' ],
15 silly audit   globby: [ '11.1.0' ],
15 silly audit   gopd: [ '1.2.0' ],
15 silly audit   'hard-rejection': [ '2.1.0' ],
15 silly audit   'has-flag': [ '4.0.0' ],
15 silly audit   'has-symbols': [ '1.1.0' ],
15 silly audit   'has-tostringtag': [ '1.0.2' ],
15 silly audit   hasown: [ '2.0.2' ],
15 silly audit   'hosted-git-info': [ '4.1.0', '2.8.9' ],
15 silly audit   'lru-cache': [ '6.0.0', '10.4.3' ],
15 silly audit   'html-encoding-sniffer': [ '4.0.0' ],
15 silly audit   'http-proxy-agent': [ '7.0.2' ],
15 silly audit   'https-proxy-agent': [ '7.0.6' ],
15 silly audit   'iconv-lite': [ '0.6.3' ],
15 silly audit   ignore: [ '5.3.2' ],
15 silly audit   'indent-string': [ '4.0.0' ],
15 silly audit   'irregular-plurals': [ '3.5.0' ],
15 silly audit   'is-arrayish': [ '0.2.1' ],
15 silly audit   'is-binary-path': [ '2.1.0' ],
15 silly audit   'is-core-module': [ '2.16.1' ],
15 silly audit   'is-extglob': [ '2.1.1' ],
15 silly audit   'is-fullwidth-code-point': [ '3.0.0' ],
15 silly audit   'is-glob': [ '4.0.3' ],
15 silly audit   'is-number': [ '7.0.0' ],
15 silly audit   'is-plain-obj': [ '1.1.0' ],
15 silly audit   'is-potential-custom-element-name': [ '1.0.1' ],
15 silly audit   'is-unicode-supported': [ '0.1.0' ],
15 silly audit   isexe: [ '2.0.0' ],
15 silly audit   jackspeak: [ '3.4.3' ],
15 silly audit   'jest-diff': [ '29.7.0' ],
15 silly audit   'pretty-format': [ '29.7.0', '27.5.1' ],
15 silly audit   'react-is': [ '18.3.1', '17.0.2' ],
15 silly audit   'jest-get-type': [ '29.6.3' ],
15 silly audit   jiti: [ '1.21.7' ],
15 silly audit   'js-tokens': [ '4.0.0' ],
15 silly audit   jsdom: [ '25.0.1' ],
15 silly audit   'json-parse-even-better-errors': [ '2.3.1' ],
15 silly audit   'kind-of': [ '6.0.3' ],
15 silly audit   leaflet: [ '1.9.4' ],
15 silly audit   lilconfig: [ '3.1.3' ],
15 silly audit   'lines-and-columns': [ '1.2.4' ],
15 silly audit   'locate-path': [ '5.0.0' ],
15 silly audit   'log-symbols': [ '4.1.0' ],
15 silly audit   'loose-envify': [ '1.4.0' ],
15 silly audit   loupe: [ '3.2.1' ],
15 silly audit   'lucide-react': [ '0.454.0' ],
15 silly audit   'lz-string': [ '1.5.0' ],
15 silly audit   'magic-string': [ '0.30.19' ],
15 silly audit   'math-intrinsics': [ '1.1.0' ],
15 silly audit   meow: [ '9.0.0' ],
15 silly audit   'type-fest': [ '0.18.1', '0.8.1', '0.6.0', '0.21.3' ],
15 silly audit   merge2: [ '1.4.1' ],
15 silly audit   micromatch: [ '4.0.8' ],
15 silly audit   'mime-db': [ '1.52.0' ],
15 silly audit   'mime-types': [ '2.1.35' ],
15 silly audit   'min-indent': [ '1.0.1' ],
15 silly audit   minimatch: [ '9.0.5' ],
15 silly audit   'minimist-options': [ '4.1.0' ],
15 silly audit   minipass: [ '7.1.2' ],
15 silly audit   ms: [ '2.1.3' ],
15 silly audit   mz: [ '2.7.0' ],
15 silly audit   nanoid: [ '3.3.11' ],
15 silly audit   'node-releases': [ '2.0.25' ],
15 silly audit   'normalize-package-data': [ '3.0.3', '2.5.0' ],
15 silly audit   'normalize-path': [ '3.0.0' ],
15 silly audit   'normalize-range': [ '0.1.2' ],
15 silly audit   nwsapi: [ '2.2.22' ],
15 silly audit   'object-assign': [ '4.1.1' ],
15 silly audit   'object-hash': [ '3.0.0' ],
15 silly audit   'p-limit': [ '2.3.0' ],
15 silly audit   'p-locate': [ '4.1.0' ],
15 silly audit   'p-try': [ '2.2.0' ],
15 silly audit   'package-json-from-dist': [ '1.0.1' ],
15 silly audit   papaparse: [ '5.5.3' ],
15 silly audit   'parse-json': [ '5.2.0' ],
15 silly audit   parse5: [ '7.3.0' ],
15 silly audit   'path-exists': [ '4.0.0' ],
15 silly audit   'path-key': [ '3.1.1' ],
15 silly audit   'path-parse': [ '1.0.7' ],
15 silly audit   'path-scurry': [ '1.11.1' ],
15 silly audit   'path-type': [ '4.0.0' ],
15 silly audit   pathe: [ '1.1.2' ],
15 silly audit   pathval: [ '2.0.1' ],
15 silly audit   picocolors: [ '1.1.1' ],
15 silly audit   picomatch: [ '2.3.1' ],
15 silly audit   pify: [ '2.3.0' ],
15 silly audit   pirates: [ '4.0.7' ],
15 silly audit   plur: [ '4.0.0' ],
15 silly audit   postcss: [ '8.5.6' ],
15 silly audit   'postcss-import': [ '15.1.0' ],
15 silly audit   'postcss-js': [ '4.1.0' ],
15 silly audit   'postcss-load-config': [ '6.0.1' ],
15 silly audit   'postcss-nested': [ '6.2.0' ],
15 silly audit   'postcss-selector-parser': [ '6.1.2' ],
15 silly audit   'postcss-value-parser': [ '4.2.0' ],
15 silly audit   punycode: [ '2.3.1' ],
15 silly audit   'queue-microtask': [ '1.2.3' ],
15 silly audit   'quick-lru': [ '4.0.1' ],
15 silly audit   react: [ '18.3.1' ],
15 silly audit   'react-dom': [ '18.3.1' ],
15 silly audit   'react-leaflet': [ '4.2.1' ],
15 silly audit   'react-router': [ '6.30.1' ],
15 silly audit   'react-router-dom': [ '6.30.1' ],
15 silly audit   'read-cache': [ '1.0.0' ],
15 silly audit   'read-pkg': [ '5.2.0' ],
15 silly audit   'read-pkg-up': [ '7.0.1' ],
15 silly audit   semver: [ '5.7.2', '7.7.3' ],
15 silly audit   readdirp: [ '3.6.0' ],
15 silly audit   redent: [ '3.0.0' ],
15 silly audit   resolve: [ '1.22.10' ],
15 silly audit   reusify: [ '1.1.0' ],
15 silly audit   rollup: [ '4.52.4' ],
15 silly audit   'run-parallel': [ '1.2.0' ],
15 silly audit   'safer-buffer': [ '2.1.2' ],
15 silly audit   saxes: [ '6.0.0' ],
15 silly audit   scheduler: [ '0.23.2' ],
15 silly audit   'shebang-command': [ '2.0.0' ],
15 silly audit   'shebang-regex': [ '3.0.0' ],
15 silly audit   siginfo: [ '2.0.0' ],
15 silly audit   'signal-exit': [ '4.1.0' ],
15 silly audit   slash: [ '3.0.0' ],
15 silly audit   'source-map-js': [ '1.2.1' ],
15 silly audit   'spdx-correct': [ '3.2.0' ],
15 silly audit   'spdx-exceptions': [ '2.5.0' ],
15 silly audit   'spdx-expression-parse': [ '3.0.1' ],
15 silly audit   'spdx-license-ids': [ '3.0.22' ],
15 silly audit   stackback: [ '0.0.2' ],
15 silly audit   'std-env': [ '3.10.0' ],
15 silly audit   'strip-indent': [ '3.0.0' ],
15 silly audit   sucrase: [ '3.35.0' ],
15 silly audit   'supports-color': [ '7.2.0' ],
15 silly audit   'supports-hyperlinks': [ '2.3.0' ],
15 silly audit   'supports-preserve-symlinks-flag': [ '1.0.0' ],
15 silly audit   'symbol-tree': [ '3.2.4' ],
15 silly audit   'tailwind-merge': [ '2.6.0' ],
15 silly audit   tailwindcss: [ '3.4.18' ],
15 silly audit   'tailwindcss-animate': [ '1.0.7' ],
15 silly audit   thenify: [ '3.3.1' ],
15 silly audit   'thenify-all': [ '1.6.0' ],
15 silly audit   tinybench: [ '2.9.0' ],
15 silly audit   tinyexec: [ '0.3.2' ],
15 silly audit   tinypool: [ '1.1.1' ],
15 silly audit   tinyrainbow: [ '1.2.0' ],
15 silly audit   tinyspy: [ '3.0.2' ],
15 silly audit   tldts: [ '6.1.86' ],
15 silly audit   'tldts-core': [ '6.1.86' ],
15 silly audit   'to-regex-range': [ '5.0.1' ],
15 silly audit   'tough-cookie': [ '5.1.2' ],
15 silly audit   tr46: [ '5.1.1' ],
15 silly audit   'trim-newlines': [ '3.0.1' ],
15 silly audit   'ts-interface-checker': [ '0.1.13' ],
15 silly audit   tsd: [ '0.31.2' ],
15 silly audit   typescript: [ '5.6.3' ],
15 silly audit   'undici-types': [ '7.14.0' ],
15 silly audit   'update-browserslist-db': [ '1.1.3' ],
15 silly audit   'util-deprecate': [ '1.0.2' ],
15 silly audit   'validate-npm-package-license': [ '3.0.4' ],
15 silly audit   vite: [ '5.4.20' ],
15 silly audit   'vite-node': [ '2.1.9' ],
15 silly audit   vitest: [ '2.1.9' ],
15 silly audit   'w3c-xmlserializer': [ '5.0.0' ],
15 silly audit   'webidl-conversions': [ '7.0.0' ],
15 silly audit   'whatwg-encoding': [ '3.1.1' ],
15 silly audit   'whatwg-mimetype': [ '4.0.0' ],
15 silly audit   'whatwg-url': [ '14.2.0' ],
15 silly audit   which: [ '2.0.2' ],
15 silly audit   'why-is-node-running': [ '2.3.0' ],
15 silly audit   'wrap-ansi': [ '8.1.0', '7.0.0' ],
15 silly audit   ws: [ '8.18.3' ],
15 silly audit   'xml-name-validator': [ '5.0.0' ],
15 silly audit   xmlchars: [ '2.2.0' ],
15 silly audit   yallist: [ '4.0.0' ],
15 silly audit   'yargs-parser': [ '20.2.9' ],
15 silly audit   zod: [ '4.1.12' ],
15 silly audit   zustand: [ '5.0.8' ]
15 silly audit }
16 verbose reify failed optional dependency /Users/jiamingw/Documents/GitHub/RoadMap/node_modules/@swc/core-win32-x64-msvc
17 silly reify mark deleted [
17 silly reify   '/Users/jiamingw/Documents/GitHub/RoadMap/node_modules/@swc/core-win32-x64-msvc'
17 silly reify ]
18 verbose reify failed optional dependency /Users/jiamingw/Documents/GitHub/RoadMap/node_modules/@swc/core-win32-ia32-msvc
19 silly reify mark deleted [
19 silly reify   '/Users/jiamingw/Documents/GitHub/RoadMap/node_modules/@swc/core-win32-ia32-msvc'
19 silly reify ]
20 verbose reify failed optional dependency /Users/jiamingw/Documents/GitHub/RoadMap/node_modules/@swc/core-win32-arm64-msvc
21 silly reify mark deleted [
21 silly reify   '/Users/jiamingw/Documents/GitHub/RoadMap/node_modules/@swc/core-win32-arm64-msvc'
21 silly reify ]
22 verbose reify failed optional dependency /Users/jiamingw/Documents/GitHub/RoadMap/node_modules/@swc/core-linux-x64-musl
23 silly reify mark deleted [
23 silly reify   '/Users/jiamingw/Documents/GitHub/RoadMap/node_modules/@swc/core-linux-x64-musl'
23 silly reify ]
24 verbose reify failed optional dependency /Users/jiamingw/Documents/GitHub/RoadMap/node_modules/@swc/core-linux-x64-gnu
25 silly reify mark deleted [
25 silly reify   '/Users/jiamingw/Documents/GitHub/RoadMap/node_modules/@swc/core-linux-x64-gnu'
25 silly reify ]
26 verbose reify failed optional dependency /Users/jiamingw/Documents/GitHub/RoadMap/node_modules/@swc/core-linux-arm64-musl
27 silly reify mark deleted [
27 silly reify   '/Users/jiamingw/Documents/GitHub/RoadMap/node_modules/@swc/core-linux-arm64-musl'
27 silly reify ]
28 verbose reify failed optional dependency /Users/jiamingw/Documents/GitHub/RoadMap/node_modules/@swc/core-linux-arm64-gnu
29 silly reify mark deleted [
29 silly reify   '/Users/jiamingw/Documents/GitHub/RoadMap/node_modules/@swc/core-linux-arm64-gnu'
29 silly reify ]
30 verbose reify failed optional dependency /Users/jiamingw/Documents/GitHub/RoadMap/node_modules/@swc/core-linux-arm-gnueabihf
31 silly reify mark deleted [
31 silly reify   '/Users/jiamingw/Documents/GitHub/RoadMap/node_modules/@swc/core-linux-arm-gnueabihf'
31 silly reify ]
32 verbose reify failed optional dependency /Users/jiamingw/Documents/GitHub/RoadMap/node_modules/@swc/core-darwin-x64
33 silly reify mark deleted [
33 silly reify   '/Users/jiamingw/Documents/GitHub/RoadMap/node_modules/@swc/core-darwin-x64'
33 silly reify ]
34 verbose reify failed optional dependency /Users/jiamingw/Documents/GitHub/RoadMap/node_modules/@rollup/rollup-win32-x64-msvc
35 silly reify mark deleted [
35 silly reify   '/Users/jiamingw/Documents/GitHub/RoadMap/node_modules/@rollup/rollup-win32-x64-msvc'
35 silly reify ]
36 verbose reify failed optional dependency /Users/jiamingw/Documents/GitHub/RoadMap/node_modules/@rollup/rollup-win32-x64-gnu
37 silly reify mark deleted [
37 silly reify   '/Users/jiamingw/Documents/GitHub/RoadMap/node_modules/@rollup/rollup-win32-x64-gnu'
37 silly reify ]
38 verbose reify failed optional dependency /Users/jiamingw/Documents/GitHub/RoadMap/node_modules/@rollup/rollup-win32-ia32-msvc
39 silly reify mark deleted [
39 silly reify   '/Users/jiamingw/Documents/GitHub/RoadMap/node_modules/@rollup/rollup-win32-ia32-msvc'
39 silly reify ]
40 verbose reify failed optional dependency /Users/jiamingw/Documents/GitHub/RoadMap/node_modules/@rollup/rollup-win32-arm64-msvc
41 silly reify mark deleted [
41 silly reify   '/Users/jiamingw/Documents/GitHub/RoadMap/node_modules/@rollup/rollup-win32-arm64-msvc'
41 silly reify ]
42 verbose reify failed optional dependency /Users/jiamingw/Documents/GitHub/RoadMap/node_modules/@rollup/rollup-openharmony-arm64
43 silly reify mark deleted [
43 silly reify   '/Users/jiamingw/Documents/GitHub/RoadMap/node_modules/@rollup/rollup-openharmony-arm64'
43 silly reify ]
44 verbose reify failed optional dependency /Users/jiamingw/Documents/GitHub/RoadMap/node_modules/@rollup/rollup-linux-x64-musl
45 silly reify mark deleted [
45 silly reify   '/Users/jiamingw/Documents/GitHub/RoadMap/node_modules/@rollup/rollup-linux-x64-musl'
45 silly reify ]
46 verbose reify failed optional dependency /Users/jiamingw/Documents/GitHub/RoadMap/node_modules/@rollup/rollup-linux-x64-gnu
47 silly reify mark deleted [
47 silly reify   '/Users/jiamingw/Documents/GitHub/RoadMap/node_modules/@rollup/rollup-linux-x64-gnu'
47 silly reify ]
48 verbose reify failed optional dependency /Users/jiamingw/Documents/GitHub/RoadMap/node_modules/@rollup/rollup-linux-s390x-gnu
49 silly reify mark deleted [
49 silly reify   '/Users/jiamingw/Documents/GitHub/RoadMap/node_modules/@rollup/rollup-linux-s390x-gnu'
49 silly reify ]
50 verbose reify failed optional dependency /Users/jiamingw/Documents/GitHub/RoadMap/node_modules/@rollup/rollup-linux-riscv64-musl
51 silly reify mark deleted [
51 silly reify   '/Users/jiamingw/Documents/GitHub/RoadMap/node_modules/@rollup/rollup-linux-riscv64-musl'
51 silly reify ]
52 verbose reify failed optional dependency /Users/jiamingw/Documents/GitHub/RoadMap/node_modules/@rollup/rollup-linux-riscv64-gnu
53 silly reify mark deleted [
53 silly reify   '/Users/jiamingw/Documents/GitHub/RoadMap/node_modules/@rollup/rollup-linux-riscv64-gnu'
53 silly reify ]
54 verbose reify failed optional dependency /Users/jiamingw/Documents/GitHub/RoadMap/node_modules/@rollup/rollup-linux-ppc64-gnu
55 silly reify mark deleted [
55 silly reify   '/Users/jiamingw/Documents/GitHub/RoadMap/node_modules/@rollup/rollup-linux-ppc64-gnu'
55 silly reify ]
56 verbose reify failed optional dependency /Users/jiamingw/Documents/GitHub/RoadMap/node_modules/@rollup/rollup-linux-loong64-gnu
57 silly reify mark deleted [
57 silly reify   '/Users/jiamingw/Documents/GitHub/RoadMap/node_modules/@rollup/rollup-linux-loong64-gnu'
57 silly reify ]
58 verbose reify failed optional dependency /Users/jiamingw/Documents/GitHub/RoadMap/node_modules/@rollup/rollup-linux-arm64-musl
59 silly reify mark deleted [
59 silly reify   '/Users/jiamingw/Documents/GitHub/RoadMap/node_modules/@rollup/rollup-linux-arm64-musl'
59 silly reify ]
60 verbose reify failed optional dependency /Users/jiamingw/Documents/GitHub/RoadMap/node_modules/@rollup/rollup-linux-arm64-gnu
61 silly reify mark deleted [
61 silly reify   '/Users/jiamingw/Documents/GitHub/RoadMap/node_modules/@rollup/rollup-linux-arm64-gnu'
61 silly reify ]
62 verbose reify failed optional dependency /Users/jiamingw/Documents/GitHub/RoadMap/node_modules/@rollup/rollup-linux-arm-musleabihf
63 silly reify mark deleted [
63 silly reify   '/Users/jiamingw/Documents/GitHub/RoadMap/node_modules/@rollup/rollup-linux-arm-musleabihf'
63 silly reify ]
64 verbose reify failed optional dependency /Users/jiamingw/Documents/GitHub/RoadMap/node_modules/@rollup/rollup-linux-arm-gnueabihf
65 silly reify mark deleted [
65 silly reify   '/Users/jiamingw/Documents/GitHub/RoadMap/node_modules/@rollup/rollup-linux-arm-gnueabihf'
65 silly reify ]
66 verbose reify failed optional dependency /Users/jiamingw/Documents/GitHub/RoadMap/node_modules/@rollup/rollup-freebsd-x64
67 silly reify mark deleted [
67 silly reify   '/Users/jiamingw/Documents/GitHub/RoadMap/node_modules/@rollup/rollup-freebsd-x64'
67 silly reify ]
68 verbose reify failed optional dependency /Users/jiamingw/Documents/GitHub/RoadMap/node_modules/@rollup/rollup-freebsd-arm64
69 silly reify mark deleted [
69 silly reify   '/Users/jiamingw/Documents/GitHub/RoadMap/node_modules/@rollup/rollup-freebsd-arm64'
69 silly reify ]
70 verbose reify failed optional dependency /Users/jiamingw/Documents/GitHub/RoadMap/node_modules/@rollup/rollup-darwin-x64
71 silly reify mark deleted [
71 silly reify   '/Users/jiamingw/Documents/GitHub/RoadMap/node_modules/@rollup/rollup-darwin-x64'
71 silly reify ]
72 verbose reify failed optional dependency /Users/jiamingw/Documents/GitHub/RoadMap/node_modules/@rollup/rollup-android-arm64
73 silly reify mark deleted [
73 silly reify   '/Users/jiamingw/Documents/GitHub/RoadMap/node_modules/@rollup/rollup-android-arm64'
73 silly reify ]
74 verbose reify failed optional dependency /Users/jiamingw/Documents/GitHub/RoadMap/node_modules/@rollup/rollup-android-arm-eabi
75 silly reify mark deleted [
75 silly reify   '/Users/jiamingw/Documents/GitHub/RoadMap/node_modules/@rollup/rollup-android-arm-eabi'
75 silly reify ]
76 verbose reify failed optional dependency /Users/jiamingw/Documents/GitHub/RoadMap/node_modules/@esbuild/win32-x64
77 silly reify mark deleted [
77 silly reify   '/Users/jiamingw/Documents/GitHub/RoadMap/node_modules/@esbuild/win32-x64'
77 silly reify ]
78 verbose reify failed optional dependency /Users/jiamingw/Documents/GitHub/RoadMap/node_modules/@esbuild/win32-ia32
79 silly reify mark deleted [
79 silly reify   '/Users/jiamingw/Documents/GitHub/RoadMap/node_modules/@esbuild/win32-ia32'
79 silly reify ]
80 verbose reify failed optional dependency /Users/jiamingw/Documents/GitHub/RoadMap/node_modules/@esbuild/win32-arm64
81 silly reify mark deleted [
81 silly reify   '/Users/jiamingw/Documents/GitHub/RoadMap/node_modules/@esbuild/win32-arm64'
81 silly reify ]
82 verbose reify failed optional dependency /Users/jiamingw/Documents/GitHub/RoadMap/node_modules/@esbuild/sunos-x64
83 silly reify mark deleted [
83 silly reify   '/Users/jiamingw/Documents/GitHub/RoadMap/node_modules/@esbuild/sunos-x64'
83 silly reify ]
84 verbose reify failed optional dependency /Users/jiamingw/Documents/GitHub/RoadMap/node_modules/@esbuild/openbsd-x64
85 silly reify mark deleted [
85 silly reify   '/Users/jiamingw/Documents/GitHub/RoadMap/node_modules/@esbuild/openbsd-x64'
85 silly reify ]
86 verbose reify failed optional dependency /Users/jiamingw/Documents/GitHub/RoadMap/node_modules/@esbuild/netbsd-x64
87 silly reify mark deleted [
87 silly reify   '/Users/jiamingw/Documents/GitHub/RoadMap/node_modules/@esbuild/netbsd-x64'
87 silly reify ]
88 verbose reify failed optional dependency /Users/jiamingw/Documents/GitHub/RoadMap/node_modules/@esbuild/linux-x64
89 silly reify mark deleted [
89 silly reify   '/Users/jiamingw/Documents/GitHub/RoadMap/node_modules/@esbuild/linux-x64'
89 silly reify ]
90 verbose reify failed optional dependency /Users/jiamingw/Documents/GitHub/RoadMap/node_modules/@esbuild/linux-s390x
91 silly reify mark deleted [
91 silly reify   '/Users/jiamingw/Documents/GitHub/RoadMap/node_modules/@esbuild/linux-s390x'
91 silly reify ]
92 verbose reify failed optional dependency /Users/jiamingw/Documents/GitHub/RoadMap/node_modules/@esbuild/linux-riscv64
93 silly reify mark deleted [
93 silly reify   '/Users/jiamingw/Documents/GitHub/RoadMap/node_modules/@esbuild/linux-riscv64'
93 silly reify ]
94 verbose reify failed optional dependency /Users/jiamingw/Documents/GitHub/RoadMap/node_modules/@esbuild/linux-ppc64
95 silly reify mark deleted [
95 silly reify   '/Users/jiamingw/Documents/GitHub/RoadMap/node_modules/@esbuild/linux-ppc64'
95 silly reify ]
96 verbose reify failed optional dependency /Users/jiamingw/Documents/GitHub/RoadMap/node_modules/@esbuild/linux-mips64el
97 silly reify mark deleted [
97 silly reify   '/Users/jiamingw/Documents/GitHub/RoadMap/node_modules/@esbuild/linux-mips64el'
97 silly reify ]
98 verbose reify failed optional dependency /Users/jiamingw/Documents/GitHub/RoadMap/node_modules/@esbuild/linux-loong64
99 silly reify mark deleted [
99 silly reify   '/Users/jiamingw/Documents/GitHub/RoadMap/node_modules/@esbuild/linux-loong64'
99 silly reify ]
100 verbose reify failed optional dependency /Users/jiamingw/Documents/GitHub/RoadMap/node_modules/@esbuild/linux-ia32
101 silly reify mark deleted [
101 silly reify   '/Users/jiamingw/Documents/GitHub/RoadMap/node_modules/@esbuild/linux-ia32'
101 silly reify ]
102 verbose reify failed optional dependency /Users/jiamingw/Documents/GitHub/RoadMap/node_modules/@esbuild/linux-arm64
103 silly reify mark deleted [
103 silly reify   '/Users/jiamingw/Documents/GitHub/RoadMap/node_modules/@esbuild/linux-arm64'
103 silly reify ]
104 verbose reify failed optional dependency /Users/jiamingw/Documents/GitHub/RoadMap/node_modules/@esbuild/linux-arm
105 silly reify mark deleted [
105 silly reify   '/Users/jiamingw/Documents/GitHub/RoadMap/node_modules/@esbuild/linux-arm'
105 silly reify ]
106 verbose reify failed optional dependency /Users/jiamingw/Documents/GitHub/RoadMap/node_modules/@esbuild/freebsd-x64
107 silly reify mark deleted [
107 silly reify   '/Users/jiamingw/Documents/GitHub/RoadMap/node_modules/@esbuild/freebsd-x64'
107 silly reify ]
108 verbose reify failed optional dependency /Users/jiamingw/Documents/GitHub/RoadMap/node_modules/@esbuild/freebsd-arm64
109 silly reify mark deleted [
109 silly reify   '/Users/jiamingw/Documents/GitHub/RoadMap/node_modules/@esbuild/freebsd-arm64'
109 silly reify ]
110 verbose reify failed optional dependency /Users/jiamingw/Documents/GitHub/RoadMap/node_modules/@esbuild/darwin-x64
111 silly reify mark deleted [
111 silly reify   '/Users/jiamingw/Documents/GitHub/RoadMap/node_modules/@esbuild/darwin-x64'
111 silly reify ]
112 verbose reify failed optional dependency /Users/jiamingw/Documents/GitHub/RoadMap/node_modules/@esbuild/android-x64
113 silly reify mark deleted [
113 silly reify   '/Users/jiamingw/Documents/GitHub/RoadMap/node_modules/@esbuild/android-x64'
113 silly reify ]
114 verbose reify failed optional dependency /Users/jiamingw/Documents/GitHub/RoadMap/node_modules/@esbuild/android-arm64
115 silly reify mark deleted [
115 silly reify   '/Users/jiamingw/Documents/GitHub/RoadMap/node_modules/@esbuild/android-arm64'
115 silly reify ]
116 verbose reify failed optional dependency /Users/jiamingw/Documents/GitHub/RoadMap/node_modules/@esbuild/android-arm
117 silly reify mark deleted [
117 silly reify   '/Users/jiamingw/Documents/GitHub/RoadMap/node_modules/@esbuild/android-arm'
117 silly reify ]
118 verbose reify failed optional dependency /Users/jiamingw/Documents/GitHub/RoadMap/node_modules/@esbuild/aix-ppc64
119 silly reify mark deleted [
119 silly reify   '/Users/jiamingw/Documents/GitHub/RoadMap/node_modules/@esbuild/aix-ppc64'
119 silly reify ]
120 http cache zod@https://registry.npmjs.org/zod/-/zod-4.1.12.tgz 0ms (cache hit)
121 http cache yargs-parser@https://registry.npmjs.org/yargs-parser/-/yargs-parser-20.2.9.tgz 0ms (cache hit)
122 http cache yallist@https://registry.npmjs.org/yallist/-/yallist-4.0.0.tgz 0ms (cache hit)
123 http cache xmlchars@https://registry.npmjs.org/xmlchars/-/xmlchars-2.2.0.tgz 0ms (cache hit)
124 http cache xml-name-validator@https://registry.npmjs.org/xml-name-validator/-/xml-name-validator-5.0.0.tgz 0ms (cache hit)
125 http cache ws@https://registry.npmjs.org/ws/-/ws-8.18.3.tgz 0ms (cache hit)
126 http cache wrap-ansi-cjs@https://registry.npmjs.org/wrap-ansi/-/wrap-ansi-7.0.0.tgz 0ms (cache hit)
127 http cache zustand@https://registry.npmjs.org/zustand/-/zustand-5.0.8.tgz 0ms (cache hit)
128 http cache wrap-ansi@https://registry.npmjs.org/wrap-ansi/-/wrap-ansi-8.1.0.tgz 0ms (cache hit)
129 http cache why-is-node-running@https://registry.npmjs.org/why-is-node-running/-/why-is-node-running-2.3.0.tgz 0ms (cache hit)
130 http cache which@https://registry.npmjs.org/which/-/which-2.0.2.tgz 0ms (cache hit)
131 http cache whatwg-url@https://registry.npmjs.org/whatwg-url/-/whatwg-url-14.2.0.tgz 0ms (cache hit)
132 http cache whatwg-mimetype@https://registry.npmjs.org/whatwg-mimetype/-/whatwg-mimetype-4.0.0.tgz 0ms (cache hit)
133 http cache whatwg-encoding@https://registry.npmjs.org/whatwg-encoding/-/whatwg-encoding-3.1.1.tgz 0ms (cache hit)
134 http cache webidl-conversions@https://registry.npmjs.org/webidl-conversions/-/webidl-conversions-7.0.0.tgz 0ms (cache hit)
135 http cache w3c-xmlserializer@https://registry.npmjs.org/w3c-xmlserializer/-/w3c-xmlserializer-5.0.0.tgz 0ms (cache hit)
136 http cache vitest@https://registry.npmjs.org/vitest/-/vitest-2.1.9.tgz 0ms (cache hit)
137 http cache vite-node@https://registry.npmjs.org/vite-node/-/vite-node-2.1.9.tgz 0ms (cache hit)
138 http cache vite@https://registry.npmjs.org/vite/-/vite-5.4.20.tgz 0ms (cache hit)
139 http cache validate-npm-package-license@https://registry.npmjs.org/validate-npm-package-license/-/validate-npm-package-license-3.0.4.tgz 0ms (cache hit)
140 http cache util-deprecate@https://registry.npmjs.org/util-deprecate/-/util-deprecate-1.0.2.tgz 0ms (cache hit)
141 http cache undici-types@https://registry.npmjs.org/undici-types/-/undici-types-7.14.0.tgz 0ms (cache hit)
142 http cache typescript@https://registry.npmjs.org/typescript/-/typescript-5.6.3.tgz 0ms (cache hit)
143 http cache update-browserslist-db@https://registry.npmjs.org/update-browserslist-db/-/update-browserslist-db-1.1.3.tgz 0ms (cache hit)
144 http cache type-fest@https://registry.npmjs.org/type-fest/-/type-fest-0.21.3.tgz 0ms (cache hit)
145 http cache ts-interface-checker@https://registry.npmjs.org/ts-interface-checker/-/ts-interface-checker-0.1.13.tgz 0ms (cache hit)
146 http cache tsd@https://registry.npmjs.org/tsd/-/tsd-0.31.2.tgz 0ms (cache hit)
147 http cache tough-cookie@https://registry.npmjs.org/tough-cookie/-/tough-cookie-5.1.2.tgz 0ms (cache hit)
148 http cache to-regex-range@https://registry.npmjs.org/to-regex-range/-/to-regex-range-5.0.1.tgz 0ms (cache hit)
149 http cache tldts-core@https://registry.npmjs.org/tldts-core/-/tldts-core-6.1.86.tgz 0ms (cache hit)
150 http cache tldts@https://registry.npmjs.org/tldts/-/tldts-6.1.86.tgz 0ms (cache hit)
151 http cache tinyspy@https://registry.npmjs.org/tinyspy/-/tinyspy-3.0.2.tgz 0ms (cache hit)
152 http cache tinyrainbow@https://registry.npmjs.org/tinyrainbow/-/tinyrainbow-1.2.0.tgz 0ms (cache hit)
153 http cache tinypool@https://registry.npmjs.org/tinypool/-/tinypool-1.1.1.tgz 0ms (cache hit)
154 http cache tinybench@https://registry.npmjs.org/tinybench/-/tinybench-2.9.0.tgz 0ms (cache hit)
155 http cache tinyexec@https://registry.npmjs.org/tinyexec/-/tinyexec-0.3.2.tgz 0ms (cache hit)
156 http cache thenify-all@https://registry.npmjs.org/thenify-all/-/thenify-all-1.6.0.tgz 0ms (cache hit)
157 http cache tailwindcss-animate@https://registry.npmjs.org/tailwindcss-animate/-/tailwindcss-animate-1.0.7.tgz 0ms (cache hit)
158 http cache tailwindcss@https://registry.npmjs.org/tailwindcss/-/tailwindcss-3.4.18.tgz 0ms (cache hit)
159 http cache tr46@https://registry.npmjs.org/tr46/-/tr46-5.1.1.tgz 0ms (cache hit)
160 http cache tailwind-merge@https://registry.npmjs.org/tailwind-merge/-/tailwind-merge-2.6.0.tgz 0ms (cache hit)
161 http cache supports-preserve-symlinks-flag@https://registry.npmjs.org/supports-preserve-symlinks-flag/-/supports-preserve-symlinks-flag-1.0.0.tgz 0ms (cache hit)
162 http cache supports-hyperlinks@https://registry.npmjs.org/supports-hyperlinks/-/supports-hyperlinks-2.3.0.tgz 0ms (cache hit)
163 http cache supports-color@https://registry.npmjs.org/supports-color/-/supports-color-7.2.0.tgz 0ms (cache hit)
164 http cache sucrase@https://registry.npmjs.org/sucrase/-/sucrase-3.35.0.tgz 0ms (cache hit)
165 http cache strip-indent@https://registry.npmjs.org/strip-indent/-/strip-indent-3.0.0.tgz 0ms (cache hit)
166 http cache strip-ansi-cjs@https://registry.npmjs.org/strip-ansi/-/strip-ansi-6.0.1.tgz 0ms (cache hit)
167 http cache strip-ansi@https://registry.npmjs.org/strip-ansi/-/strip-ansi-7.1.2.tgz 0ms (cache hit)
168 http cache string-width-cjs@https://registry.npmjs.org/string-width/-/string-width-4.2.3.tgz 0ms (cache hit)
169 http cache string-width@https://registry.npmjs.org/string-width/-/string-width-5.1.2.tgz 0ms (cache hit)
170 http cache symbol-tree@https://registry.npmjs.org/symbol-tree/-/symbol-tree-3.2.4.tgz 0ms (cache hit)
171 http cache thenify@https://registry.npmjs.org/thenify/-/thenify-3.3.1.tgz 0ms (cache hit)
172 http cache stackback@https://registry.npmjs.org/stackback/-/stackback-0.0.2.tgz 0ms (cache hit)
173 http cache std-env@https://registry.npmjs.org/std-env/-/std-env-3.10.0.tgz 0ms (cache hit)
174 http cache spdx-license-ids@https://registry.npmjs.org/spdx-license-ids/-/spdx-license-ids-3.0.22.tgz 0ms (cache hit)
175 http cache spdx-expression-parse@https://registry.npmjs.org/spdx-expression-parse/-/spdx-expression-parse-3.0.1.tgz 0ms (cache hit)
176 http cache spdx-exceptions@https://registry.npmjs.org/spdx-exceptions/-/spdx-exceptions-2.5.0.tgz 0ms (cache hit)
177 http cache source-map-js@https://registry.npmjs.org/source-map-js/-/source-map-js-1.2.1.tgz 0ms (cache hit)
178 http cache slash@https://registry.npmjs.org/slash/-/slash-3.0.0.tgz 0ms (cache hit)
179 http cache signal-exit@https://registry.npmjs.org/signal-exit/-/signal-exit-4.1.0.tgz 0ms (cache hit)
180 http cache siginfo@https://registry.npmjs.org/siginfo/-/siginfo-2.0.0.tgz 0ms (cache hit)
181 http cache shebang-regex@https://registry.npmjs.org/shebang-regex/-/shebang-regex-3.0.0.tgz 0ms (cache hit)
182 http cache semver@https://registry.npmjs.org/semver/-/semver-7.7.3.tgz 0ms (cache hit)
183 http cache scheduler@https://registry.npmjs.org/scheduler/-/scheduler-0.23.2.tgz 0ms (cache hit)
184 http cache saxes@https://registry.npmjs.org/saxes/-/saxes-6.0.0.tgz 0ms (cache hit)
185 http cache safer-buffer@https://registry.npmjs.org/safer-buffer/-/safer-buffer-2.1.2.tgz 0ms (cache hit)
186 http cache run-parallel@https://registry.npmjs.org/run-parallel/-/run-parallel-1.2.0.tgz 0ms (cache hit)
187 http cache shebang-command@https://registry.npmjs.org/shebang-command/-/shebang-command-2.0.0.tgz 0ms (cache hit)
188 http cache rrweb-cssom@https://registry.npmjs.org/rrweb-cssom/-/rrweb-cssom-0.7.1.tgz 0ms (cache hit)
189 http cache rollup@https://registry.npmjs.org/rollup/-/rollup-4.52.4.tgz 0ms (cache hit)
190 http cache reusify@https://registry.npmjs.org/reusify/-/reusify-1.1.0.tgz 0ms (cache hit)
191 http cache redent@https://registry.npmjs.org/redent/-/redent-3.0.0.tgz 0ms (cache hit)
192 http cache readdirp@https://registry.npmjs.org/readdirp/-/readdirp-3.6.0.tgz 0ms (cache hit)
193 http cache read-pkg@https://registry.npmjs.org/read-pkg/-/read-pkg-5.2.0.tgz 0ms (cache hit)
194 http cache react-router-dom@https://registry.npmjs.org/react-router-dom/-/react-router-dom-6.30.1.tgz 0ms (cache hit)
195 http cache read-cache@https://registry.npmjs.org/read-cache/-/read-cache-1.0.0.tgz 0ms (cache hit)
196 http cache react-router@https://registry.npmjs.org/react-router/-/react-router-6.30.1.tgz 0ms (cache hit)
197 http cache read-pkg-up@https://registry.npmjs.org/read-pkg-up/-/read-pkg-up-7.0.1.tgz 0ms (cache hit)
198 http cache resolve@https://registry.npmjs.org/resolve/-/resolve-1.22.10.tgz 0ms (cache hit)
199 http cache react-is@https://registry.npmjs.org/react-is/-/react-is-17.0.2.tgz 0ms (cache hit)
200 http cache react-leaflet@https://registry.npmjs.org/react-leaflet/-/react-leaflet-4.2.1.tgz 0ms (cache hit)
201 http cache react-dom@https://registry.npmjs.org/react-dom/-/react-dom-18.3.1.tgz 0ms (cache hit)
202 http cache quick-lru@https://registry.npmjs.org/quick-lru/-/quick-lru-4.0.1.tgz 0ms (cache hit)
203 http cache react@https://registry.npmjs.org/react/-/react-18.3.1.tgz 0ms (cache hit)
204 http cache queue-microtask@https://registry.npmjs.org/queue-microtask/-/queue-microtask-1.2.3.tgz 0ms (cache hit)
205 http cache punycode@https://registry.npmjs.org/punycode/-/punycode-2.3.1.tgz 0ms (cache hit)
206 http cache pretty-format@https://registry.npmjs.org/pretty-format/-/pretty-format-27.5.1.tgz 0ms (cache hit)
207 http cache postcss-value-parser@https://registry.npmjs.org/postcss-value-parser/-/postcss-value-parser-4.2.0.tgz 0ms (cache hit)
208 http cache postcss-selector-parser@https://registry.npmjs.org/postcss-selector-parser/-/postcss-selector-parser-6.1.2.tgz 0ms (cache hit)
209 http cache postcss-load-config@https://registry.npmjs.org/postcss-load-config/-/postcss-load-config-6.0.1.tgz 0ms (cache hit)
210 http cache postcss-js@https://registry.npmjs.org/postcss-js/-/postcss-js-4.1.0.tgz 0ms (cache hit)
211 http cache postcss-import@https://registry.npmjs.org/postcss-import/-/postcss-import-15.1.0.tgz 0ms (cache hit)
212 http cache postcss@https://registry.npmjs.org/postcss/-/postcss-8.5.6.tgz 0ms (cache hit)
213 http cache plur@https://registry.npmjs.org/plur/-/plur-4.0.0.tgz 0ms (cache hit)
214 http cache pify@https://registry.npmjs.org/pify/-/pify-2.3.0.tgz 0ms (cache hit)
215 http cache picomatch@https://registry.npmjs.org/picomatch/-/picomatch-2.3.1.tgz 0ms (cache hit)
216 http cache picocolors@https://registry.npmjs.org/picocolors/-/picocolors-1.1.1.tgz 0ms (cache hit)
217 http cache pathval@https://registry.npmjs.org/pathval/-/pathval-2.0.1.tgz 0ms (cache hit)
218 http cache pathe@https://registry.npmjs.org/pathe/-/pathe-1.1.2.tgz 0ms (cache hit)
219 http cache path-type@https://registry.npmjs.org/path-type/-/path-type-4.0.0.tgz 0ms (cache hit)
220 http cache path-scurry@https://registry.npmjs.org/path-scurry/-/path-scurry-1.11.1.tgz 0ms (cache hit)
221 http cache path-parse@https://registry.npmjs.org/path-parse/-/path-parse-1.0.7.tgz 0ms (cache hit)
222 http cache path-key@https://registry.npmjs.org/path-key/-/path-key-3.1.1.tgz 0ms (cache hit)
223 http cache path-exists@https://registry.npmjs.org/path-exists/-/path-exists-4.0.0.tgz 0ms (cache hit)
224 http cache spdx-correct@https://registry.npmjs.org/spdx-correct/-/spdx-correct-3.2.0.tgz 0ms (cache hit)
225 http cache parse5@https://registry.npmjs.org/parse5/-/parse5-7.3.0.tgz 0ms (cache hit)
226 http cache parse-json@https://registry.npmjs.org/parse-json/-/parse-json-5.2.0.tgz 0ms (cache hit)
227 http cache package-json-from-dist@https://registry.npmjs.org/package-json-from-dist/-/package-json-from-dist-1.0.1.tgz 0ms (cache hit)
228 http cache papaparse@https://registry.npmjs.org/papaparse/-/papaparse-5.5.3.tgz 0ms (cache hit)
229 http cache p-try@https://registry.npmjs.org/p-try/-/p-try-2.2.0.tgz 0ms (cache hit)
230 http cache p-locate@https://registry.npmjs.org/p-locate/-/p-locate-4.1.0.tgz 0ms (cache hit)
231 http cache p-limit@https://registry.npmjs.org/p-limit/-/p-limit-2.3.0.tgz 0ms (cache hit)
232 http cache object-hash@https://registry.npmjs.org/object-hash/-/object-hash-3.0.0.tgz 0ms (cache hit)
233 http cache object-assign@https://registry.npmjs.org/object-assign/-/object-assign-4.1.1.tgz 0ms (cache hit)
234 http cache nwsapi@https://registry.npmjs.org/nwsapi/-/nwsapi-2.2.22.tgz 0ms (cache hit)
235 http cache normalize-range@https://registry.npmjs.org/normalize-range/-/normalize-range-0.1.2.tgz 0ms (cache hit)
236 http cache normalize-path@https://registry.npmjs.org/normalize-path/-/normalize-path-3.0.0.tgz 0ms (cache hit)
237 http cache normalize-package-data@https://registry.npmjs.org/normalize-package-data/-/normalize-package-data-3.0.3.tgz 0ms (cache hit)
238 http cache node-releases@https://registry.npmjs.org/node-releases/-/node-releases-2.0.25.tgz 0ms (cache hit)
239 http cache nanoid@https://registry.npmjs.org/nanoid/-/nanoid-3.3.11.tgz 0ms (cache hit)
240 http cache mz@https://registry.npmjs.org/mz/-/mz-2.7.0.tgz 0ms (cache hit)
241 http cache ms@https://registry.npmjs.org/ms/-/ms-2.1.3.tgz 0ms (cache hit)
242 http cache minimist-options@https://registry.npmjs.org/minimist-options/-/minimist-options-4.1.0.tgz 0ms (cache hit)
243 http cache minimatch@https://registry.npmjs.org/minimatch/-/minimatch-9.0.5.tgz 0ms (cache hit)
244 http cache mime-types@https://registry.npmjs.org/mime-types/-/mime-types-2.1.35.tgz 0ms (cache hit)
245 http cache min-indent@https://registry.npmjs.org/min-indent/-/min-indent-1.0.1.tgz 0ms (cache hit)
246 http cache mime-db@https://registry.npmjs.org/mime-db/-/mime-db-1.52.0.tgz 0ms (cache hit)
247 http cache micromatch@https://registry.npmjs.org/micromatch/-/micromatch-4.0.8.tgz 0ms (cache hit)
248 http cache meow@https://registry.npmjs.org/meow/-/meow-9.0.0.tgz 0ms (cache hit)
249 http cache merge2@https://registry.npmjs.org/merge2/-/merge2-1.4.1.tgz 0ms (cache hit)
250 http cache math-intrinsics@https://registry.npmjs.org/math-intrinsics/-/math-intrinsics-1.1.0.tgz 0ms (cache hit)
251 http cache pirates@https://registry.npmjs.org/pirates/-/pirates-4.0.7.tgz 0ms (cache hit)
252 http cache map-obj@https://registry.npmjs.org/map-obj/-/map-obj-4.3.0.tgz 0ms (cache hit)
253 http cache lz-string@https://registry.npmjs.org/lz-string/-/lz-string-1.5.0.tgz 0ms (cache hit)
254 http cache lucide-react@https://registry.npmjs.org/lucide-react/-/lucide-react-0.454.0.tgz 0ms (cache hit)
255 http cache lru-cache@https://registry.npmjs.org/lru-cache/-/lru-cache-10.4.3.tgz 0ms (cache hit)
256 http cache loupe@https://registry.npmjs.org/loupe/-/loupe-3.2.1.tgz 0ms (cache hit)
257 http cache loose-envify@https://registry.npmjs.org/loose-envify/-/loose-envify-1.4.0.tgz 0ms (cache hit)
258 http cache log-symbols@https://registry.npmjs.org/log-symbols/-/log-symbols-4.1.0.tgz 0ms (cache hit)
259 http cache lines-and-columns@https://registry.npmjs.org/lines-and-columns/-/lines-and-columns-1.2.4.tgz 0ms (cache hit)
260 http cache locate-path@https://registry.npmjs.org/locate-path/-/locate-path-5.0.0.tgz 0ms (cache hit)
261 http cache lilconfig@https://registry.npmjs.org/lilconfig/-/lilconfig-3.1.3.tgz 0ms (cache hit)
262 http cache leaflet@https://registry.npmjs.org/leaflet/-/leaflet-1.9.4.tgz 0ms (cache hit)
263 http cache kind-of@https://registry.npmjs.org/kind-of/-/kind-of-6.0.3.tgz 0ms (cache hit)
264 http cache json-parse-even-better-errors@https://registry.npmjs.org/json-parse-even-better-errors/-/json-parse-even-better-errors-2.3.1.tgz 0ms (cache hit)
265 http cache jsdom@https://registry.npmjs.org/jsdom/-/jsdom-25.0.1.tgz 0ms (cache hit)
266 http cache jiti@https://registry.npmjs.org/jiti/-/jiti-1.21.7.tgz 0ms (cache hit)
267 http cache jest-get-type@https://registry.npmjs.org/jest-get-type/-/jest-get-type-29.6.3.tgz 0ms (cache hit)
268 http cache js-tokens@https://registry.npmjs.org/js-tokens/-/js-tokens-4.0.0.tgz 0ms (cache hit)
269 http cache jest-diff@https://registry.npmjs.org/jest-diff/-/jest-diff-29.7.0.tgz 0ms (cache hit)
270 http cache jackspeak@https://registry.npmjs.org/jackspeak/-/jackspeak-3.4.3.tgz 0ms (cache hit)
271 http cache isexe@https://registry.npmjs.org/isexe/-/isexe-2.0.0.tgz 0ms (cache hit)
272 http cache is-unicode-supported@https://registry.npmjs.org/is-unicode-supported/-/is-unicode-supported-0.1.0.tgz 0ms (cache hit)
273 http cache is-potential-custom-element-name@https://registry.npmjs.org/is-potential-custom-element-name/-/is-potential-custom-element-name-1.0.1.tgz 0ms (cache hit)
274 http cache is-number@https://registry.npmjs.org/is-number/-/is-number-7.0.0.tgz 0ms (cache hit)
275 http cache is-plain-obj@https://registry.npmjs.org/is-plain-obj/-/is-plain-obj-1.1.0.tgz 0ms (cache hit)
276 http cache is-glob@https://registry.npmjs.org/is-glob/-/is-glob-4.0.3.tgz 0ms (cache hit)
277 http cache is-fullwidth-code-point@https://registry.npmjs.org/is-fullwidth-code-point/-/is-fullwidth-code-point-3.0.0.tgz 0ms (cache hit)
278 http cache is-extglob@https://registry.npmjs.org/is-extglob/-/is-extglob-2.1.1.tgz 0ms (cache hit)
279 http cache is-core-module@https://registry.npmjs.org/is-core-module/-/is-core-module-2.16.1.tgz 0ms (cache hit)
280 http cache irregular-plurals@https://registry.npmjs.org/irregular-plurals/-/irregular-plurals-3.5.0.tgz 0ms (cache hit)
281 http cache is-arrayish@https://registry.npmjs.org/is-arrayish/-/is-arrayish-0.2.1.tgz 0ms (cache hit)
282 http cache ignore@https://registry.npmjs.org/ignore/-/ignore-5.3.2.tgz 0ms (cache hit)
283 http cache iconv-lite@https://registry.npmjs.org/iconv-lite/-/iconv-lite-0.6.3.tgz 0ms (cache hit)
284 http cache https-proxy-agent@https://registry.npmjs.org/https-proxy-agent/-/https-proxy-agent-7.0.6.tgz 0ms (cache hit)
285 http cache http-proxy-agent@https://registry.npmjs.org/http-proxy-agent/-/http-proxy-agent-7.0.2.tgz 0ms (cache hit)
286 http cache indent-string@https://registry.npmjs.org/indent-string/-/indent-string-4.0.0.tgz 0ms (cache hit)
287 http cache html-encoding-sniffer@https://registry.npmjs.org/html-encoding-sniffer/-/html-encoding-sniffer-4.0.0.tgz 0ms (cache hit)
288 http cache hosted-git-info@https://registry.npmjs.org/hosted-git-info/-/hosted-git-info-4.1.0.tgz 0ms (cache hit)
289 http cache hasown@https://registry.npmjs.org/hasown/-/hasown-2.0.2.tgz 0ms (cache hit)
290 http cache has-tostringtag@https://registry.npmjs.org/has-tostringtag/-/has-tostringtag-1.0.2.tgz 0ms (cache hit)
291 http cache has-symbols@https://registry.npmjs.org/has-symbols/-/has-symbols-1.1.0.tgz 0ms (cache hit)
292 http cache hard-rejection@https://registry.npmjs.org/hard-rejection/-/hard-rejection-2.1.0.tgz 0ms (cache hit)
293 http cache has-flag@https://registry.npmjs.org/has-flag/-/has-flag-4.0.0.tgz 0ms (cache hit)
294 http cache gopd@https://registry.npmjs.org/gopd/-/gopd-1.2.0.tgz 0ms (cache hit)
295 http cache globby@https://registry.npmjs.org/globby/-/globby-11.1.0.tgz 0ms (cache hit)
296 http cache glob@https://registry.npmjs.org/glob/-/glob-10.4.5.tgz 0ms (cache hit)
297 http cache get-proto@https://registry.npmjs.org/get-proto/-/get-proto-1.0.1.tgz 0ms (cache hit)
298 http cache get-intrinsic@https://registry.npmjs.org/get-intrinsic/-/get-intrinsic-1.3.0.tgz 0ms (cache hit)
299 http cache function-bind@https://registry.npmjs.org/function-bind/-/function-bind-1.1.2.tgz 0ms (cache hit)
300 http cache fsevents@https://registry.npmjs.org/fsevents/-/fsevents-2.3.3.tgz 0ms (cache hit)
301 http cache glob-parent@https://registry.npmjs.org/glob-parent/-/glob-parent-6.0.2.tgz 0ms (cache hit)
302 http cache fraction.js@https://registry.npmjs.org/fraction.js/-/fraction.js-4.3.7.tgz 0ms (cache hit)
303 http cache form-data@https://registry.npmjs.org/form-data/-/form-data-4.0.4.tgz 0ms (cache hit)
304 http cache foreground-child@https://registry.npmjs.org/foreground-child/-/foreground-child-3.3.1.tgz 0ms (cache hit)
305 http cache find-up@https://registry.npmjs.org/find-up/-/find-up-4.1.0.tgz 0ms (cache hit)
306 http cache fill-range@https://registry.npmjs.org/fill-range/-/fill-range-7.1.1.tgz 0ms (cache hit)
307 http cache fast-glob@https://registry.npmjs.org/fast-glob/-/fast-glob-3.3.3.tgz 0ms (cache hit)
308 http cache expect-type@https://registry.npmjs.org/expect-type/-/expect-type-1.2.2.tgz 0ms (cache hit)
309 http cache estree-walker@https://registry.npmjs.org/estree-walker/-/estree-walker-3.0.3.tgz 0ms (cache hit)
310 http cache eslint-rule-docs@https://registry.npmjs.org/eslint-rule-docs/-/eslint-rule-docs-1.1.235.tgz 0ms (cache hit)
311 http cache eslint-formatter-pretty@https://registry.npmjs.org/eslint-formatter-pretty/-/eslint-formatter-pretty-4.1.0.tgz 0ms (cache hit)
312 http cache esbuild@https://registry.npmjs.org/esbuild/-/esbuild-0.21.5.tgz 0ms (cache hit)
313 http cache es-set-tostringtag@https://registry.npmjs.org/es-set-tostringtag/-/es-set-tostringtag-2.1.0.tgz 0ms (cache hit)
314 http cache escalade@https://registry.npmjs.org/escalade/-/escalade-3.2.0.tgz 0ms (cache hit)
315 http cache es-object-atoms@https://registry.npmjs.org/es-object-atoms/-/es-object-atoms-1.1.1.tgz 0ms (cache hit)
316 http cache es-errors@https://registry.npmjs.org/es-errors/-/es-errors-1.3.0.tgz 0ms (cache hit)
317 http cache es-module-lexer@https://registry.npmjs.org/es-module-lexer/-/es-module-lexer-1.7.0.tgz 0ms (cache hit)
318 http cache es-define-property@https://registry.npmjs.org/es-define-property/-/es-define-property-1.0.1.tgz 0ms (cache hit)
319 http cache error-ex@https://registry.npmjs.org/error-ex/-/error-ex-1.3.4.tgz 0ms (cache hit)
320 http cache emoji-regex@https://registry.npmjs.org/emoji-regex/-/emoji-regex-9.2.2.tgz 0ms (cache hit)
321 http cache entities@https://registry.npmjs.org/entities/-/entities-6.0.1.tgz 0ms (cache hit)
322 http cache electron-to-chromium@https://registry.npmjs.org/electron-to-chromium/-/electron-to-chromium-1.5.237.tgz 0ms (cache hit)
323 http cache eastasianwidth@https://registry.npmjs.org/eastasianwidth/-/eastasianwidth-0.2.0.tgz 0ms (cache hit)
324 http cache dunder-proto@https://registry.npmjs.org/dunder-proto/-/dunder-proto-1.0.1.tgz 0ms (cache hit)
325 http cache dom-accessibility-api@https://registry.npmjs.org/dom-accessibility-api/-/dom-accessibility-api-0.5.16.tgz 0ms (cache hit)
326 http cache dir-glob@https://registry.npmjs.org/dir-glob/-/dir-glob-3.0.1.tgz 0ms (cache hit)
327 http cache dlv@https://registry.npmjs.org/dlv/-/dlv-1.1.3.tgz 0ms (cache hit)
328 http cache diff-sequences@https://registry.npmjs.org/diff-sequences/-/diff-sequences-29.6.3.tgz 0ms (cache hit)
329 http cache didyoumean@https://registry.npmjs.org/didyoumean/-/didyoumean-1.2.2.tgz 0ms (cache hit)
330 http cache delayed-stream@https://registry.npmjs.org/delayed-stream/-/delayed-stream-1.0.0.tgz 0ms (cache hit)
331 http cache is-binary-path@https://registry.npmjs.org/is-binary-path/-/is-binary-path-2.1.0.tgz 0ms (cache hit)
332 http cache deep-eql@https://registry.npmjs.org/deep-eql/-/deep-eql-5.0.2.tgz 0ms (cache hit)
333 http cache decimal.js@https://registry.npmjs.org/decimal.js/-/decimal.js-10.6.0.tgz 0ms (cache hit)
334 http cache decamelize-keys@https://registry.npmjs.org/decamelize-keys/-/decamelize-keys-1.1.1.tgz 0ms (cache hit)
335 http cache decamelize@https://registry.npmjs.org/decamelize/-/decamelize-1.2.0.tgz 0ms (cache hit)
336 http cache debug@https://registry.npmjs.org/debug/-/debug-4.4.3.tgz 0ms (cache hit)
337 http cache data-urls@https://registry.npmjs.org/data-urls/-/data-urls-5.0.0.tgz 0ms (cache hit)
338 http cache csstype@https://registry.npmjs.org/csstype/-/csstype-3.1.3.tgz 0ms (cache hit)
339 http cache cssstyle@https://registry.npmjs.org/cssstyle/-/cssstyle-4.6.0.tgz 0ms (cache hit)
340 http cache cssesc@https://registry.npmjs.org/cssesc/-/cssesc-3.0.0.tgz 0ms (cache hit)
341 http cache css.escape@https://registry.npmjs.org/css.escape/-/css.escape-1.5.1.tgz 0ms (cache hit)
342 http cache cross-spawn@https://registry.npmjs.org/cross-spawn/-/cross-spawn-7.0.6.tgz 0ms (cache hit)
343 http cache commander@https://registry.npmjs.org/commander/-/commander-4.1.1.tgz 0ms (cache hit)
344 http cache combined-stream@https://registry.npmjs.org/combined-stream/-/combined-stream-1.0.8.tgz 0ms (cache hit)
345 http cache color-name@https://registry.npmjs.org/color-name/-/color-name-1.1.4.tgz 0ms (cache hit)
346 http cache color-convert@https://registry.npmjs.org/color-convert/-/color-convert-2.0.1.tgz 0ms (cache hit)
347 http cache clsx@https://registry.npmjs.org/clsx/-/clsx-2.1.1.tgz 0ms (cache hit)
348 http cache class-variance-authority@https://registry.npmjs.org/class-variance-authority/-/class-variance-authority-0.7.1.tgz 0ms (cache hit)
349 http cache chokidar@https://registry.npmjs.org/chokidar/-/chokidar-3.6.0.tgz 0ms (cache hit)
350 http cache dequal@https://registry.npmjs.org/dequal/-/dequal-2.0.3.tgz 0ms (cache hit)
351 http cache check-error@https://registry.npmjs.org/check-error/-/check-error-2.1.1.tgz 0ms (cache hit)
352 http cache chalk@https://registry.npmjs.org/chalk/-/chalk-4.1.2.tgz 0ms (cache hit)
353 http cache chai@https://registry.npmjs.org/chai/-/chai-5.3.3.tgz 0ms (cache hit)
354 http cache caniuse-lite@https://registry.npmjs.org/caniuse-lite/-/caniuse-lite-1.0.30001751.tgz 52ms (cache hit)
355 http cache camelcase-keys@https://registry.npmjs.org/camelcase-keys/-/camelcase-keys-6.2.2.tgz 0ms (cache hit)
356 http cache camelcase-css@https://registry.npmjs.org/camelcase-css/-/camelcase-css-2.0.1.tgz 0ms (cache hit)
357 http cache camelcase@https://registry.npmjs.org/camelcase/-/camelcase-5.3.1.tgz 0ms (cache hit)
358 http cache call-bind-apply-helpers@https://registry.npmjs.org/call-bind-apply-helpers/-/call-bind-apply-helpers-1.0.2.tgz 3ms (cache hit)
359 http cache browserslist@https://registry.npmjs.org/browserslist/-/browserslist-4.26.3.tgz 0ms (cache hit)
360 http cache braces@https://registry.npmjs.org/braces/-/braces-3.0.3.tgz 0ms (cache hit)
361 http cache brace-expansion@https://registry.npmjs.org/brace-expansion/-/brace-expansion-2.0.2.tgz 0ms (cache hit)
362 http cache binary-extensions@https://registry.npmjs.org/binary-extensions/-/binary-extensions-2.3.0.tgz 0ms (cache hit)
363 http cache baseline-browser-mapping@https://registry.npmjs.org/baseline-browser-mapping/-/baseline-browser-mapping-2.8.17.tgz 0ms (cache hit)
364 http cache autoprefixer@https://registry.npmjs.org/autoprefixer/-/autoprefixer-10.4.21.tgz 0ms (cache hit)
365 http cache asynckit@https://registry.npmjs.org/asynckit/-/asynckit-0.4.0.tgz 0ms (cache hit)
366 http cache balanced-match@https://registry.npmjs.org/balanced-match/-/balanced-match-1.0.2.tgz 0ms (cache hit)
367 http cache minipass@https://registry.npmjs.org/minipass/-/minipass-7.1.2.tgz 0ms (cache hit)
368 http cache assertion-error@https://registry.npmjs.org/assertion-error/-/assertion-error-2.0.1.tgz 0ms (cache hit)
369 http cache aria-query@https://registry.npmjs.org/aria-query/-/aria-query-5.3.0.tgz 0ms (cache hit)
370 http cache array-union@https://registry.npmjs.org/array-union/-/array-union-2.1.0.tgz 0ms (cache hit)
371 http cache arg@https://registry.npmjs.org/arg/-/arg-5.0.2.tgz 0ms (cache hit)
372 http cache anymatch@https://registry.npmjs.org/anymatch/-/anymatch-3.1.3.tgz 0ms (cache hit)
373 http cache ansi-styles@https://registry.npmjs.org/ansi-styles/-/ansi-styles-5.2.0.tgz 0ms (cache hit)
374 http cache ansi-regex@https://registry.npmjs.org/ansi-regex/-/ansi-regex-5.0.1.tgz 0ms (cache hit)
375 http cache ansi-escapes@https://registry.npmjs.org/ansi-escapes/-/ansi-escapes-4.3.2.tgz 0ms (cache hit)
376 http cache agent-base@https://registry.npmjs.org/agent-base/-/agent-base-7.1.4.tgz 0ms (cache hit)
377 http cache @vitest/utils@https://registry.npmjs.org/@vitest/utils/-/utils-2.1.9.tgz 0ms (cache hit)
378 http cache @vitest/spy@https://registry.npmjs.org/@vitest/spy/-/spy-2.1.9.tgz 0ms (cache hit)
379 http cache @vitest/snapshot@https://registry.npmjs.org/@vitest/snapshot/-/snapshot-2.1.9.tgz 0ms (cache hit)
380 http cache @vitest/runner@https://registry.npmjs.org/@vitest/runner/-/runner-2.1.9.tgz 0ms (cache hit)
381 http cache @vitest/pretty-format@https://registry.npmjs.org/@vitest/pretty-format/-/pretty-format-2.1.9.tgz 0ms (cache hit)
382 http cache @vitest/mocker@https://registry.npmjs.org/@vitest/mocker/-/mocker-2.1.9.tgz 0ms (cache hit)
383 http cache @vitest/expect@https://registry.npmjs.org/@vitest/expect/-/expect-2.1.9.tgz 0ms (cache hit)
384 http cache @vitejs/plugin-react-swc@https://registry.npmjs.org/@vitejs/plugin-react-swc/-/plugin-react-swc-3.11.0.tgz 0ms (cache hit)
385 http cache @types/tough-cookie@https://registry.npmjs.org/@types/tough-cookie/-/tough-cookie-4.0.5.tgz 0ms (cache hit)
386 http cache cac@https://registry.npmjs.org/cac/-/cac-6.7.14.tgz 0ms (cache hit)
387 http cache @types/react-dom@https://registry.npmjs.org/@types/react-dom/-/react-dom-18.3.7.tgz 0ms (cache hit)
388 http cache @types/react@https://registry.npmjs.org/@types/react/-/react-18.3.26.tgz 0ms (cache hit)
389 http cache @types/prop-types@https://registry.npmjs.org/@types/prop-types/-/prop-types-15.7.15.tgz 0ms (cache hit)
390 http cache @types/normalize-package-data@https://registry.npmjs.org/@types/normalize-package-data/-/normalize-package-data-2.4.4.tgz 0ms (cache hit)
391 http cache @types/papaparse@https://registry.npmjs.org/@types/papaparse/-/papaparse-5.3.16.tgz 0ms (cache hit)
392 http cache @types/node@https://registry.npmjs.org/@types/node/-/node-24.8.0.tgz 0ms (cache hit)
393 http cache @types/minimist@https://registry.npmjs.org/@types/minimist/-/minimist-1.2.5.tgz 0ms (cache hit)
394 http cache @types/leaflet@https://registry.npmjs.org/@types/leaflet/-/leaflet-1.9.21.tgz 0ms (cache hit)
395 http cache @types/json-schema@https://registry.npmjs.org/@types/json-schema/-/json-schema-7.0.15.tgz 0ms (cache hit)
396 http cache @types/jsdom@https://registry.npmjs.org/@types/jsdom/-/jsdom-21.1.7.tgz 0ms (cache hit)
397 http cache @types/geojson@https://registry.npmjs.org/@types/geojson/-/geojson-7946.0.16.tgz 0ms (cache hit)
398 http cache @types/estree@https://registry.npmjs.org/@types/estree/-/estree-1.0.8.tgz 0ms (cache hit)
399 http cache @types/aria-query@https://registry.npmjs.org/@types/aria-query/-/aria-query-5.0.4.tgz 0ms (cache hit)
400 http cache @tsd/typescript@https://registry.npmjs.org/@tsd/typescript/-/typescript-5.4.5.tgz 0ms (cache hit)
401 http cache @testing-library/user-event@https://registry.npmjs.org/@testing-library/user-event/-/user-event-14.6.1.tgz 0ms (cache hit)
402 http cache @testing-library/react@https://registry.npmjs.org/@testing-library/react/-/react-16.3.0.tgz 0ms (cache hit)
403 http cache @testing-library/jest-dom@https://registry.npmjs.org/@testing-library/jest-dom/-/jest-dom-6.9.1.tgz 0ms (cache hit)
404 http cache @testing-library/dom@https://registry.npmjs.org/@testing-library/dom/-/dom-10.4.1.tgz 0ms (cache hit)
405 http cache @swc/counter@https://registry.npmjs.org/@swc/counter/-/counter-0.1.3.tgz 0ms (cache hit)
406 http cache @swc/types@https://registry.npmjs.org/@swc/types/-/types-0.1.25.tgz 0ms (cache hit)
407 http cache @types/eslint@https://registry.npmjs.org/@types/eslint/-/eslint-7.29.0.tgz 0ms (cache hit)
408 http cache @swc/core-darwin-arm64@https://registry.npmjs.org/@swc/core-darwin-arm64/-/core-darwin-arm64-1.13.5.tgz 0ms (cache hit)
409 http cache @swc/core@https://registry.npmjs.org/@swc/core/-/core-1.13.5.tgz 0ms (cache hit)
410 http cache @sinclair/typebox@https://registry.npmjs.org/@sinclair/typebox/-/typebox-0.27.8.tgz 0ms (cache hit)
411 http cache @rollup/rollup-darwin-arm64@https://registry.npmjs.org/@rollup/rollup-darwin-arm64/-/rollup-darwin-arm64-4.52.4.tgz 0ms (cache hit)
412 http cache @rolldown/pluginutils@https://registry.npmjs.org/@rolldown/pluginutils/-/pluginutils-1.0.0-beta.27.tgz 0ms (cache hit)
413 http cache @remix-run/router@https://registry.npmjs.org/@remix-run/router/-/router-1.23.0.tgz 0ms (cache hit)
414 http cache @react-leaflet/core@https://registry.npmjs.org/@react-leaflet/core/-/core-2.1.0.tgz 0ms (cache hit)
415 http cache @radix-ui/react-slot@https://registry.npmjs.org/@radix-ui/react-slot/-/react-slot-1.2.3.tgz 0ms (cache hit)
416 http cache @radix-ui/react-compose-refs@https://registry.npmjs.org/@radix-ui/react-compose-refs/-/react-compose-refs-1.1.2.tgz 0ms (cache hit)
417 http cache @pkgjs/parseargs@https://registry.npmjs.org/@pkgjs/parseargs/-/parseargs-0.11.0.tgz 0ms (cache hit)
418 http cache @nodelib/fs.walk@https://registry.npmjs.org/@nodelib/fs.walk/-/fs.walk-1.2.8.tgz 0ms (cache hit)
419 http cache @nodelib/fs.stat@https://registry.npmjs.org/@nodelib/fs.stat/-/fs.stat-2.0.5.tgz 0ms (cache hit)
420 http cache @nodelib/fs.scandir@https://registry.npmjs.org/@nodelib/fs.scandir/-/fs.scandir-2.1.5.tgz 0ms (cache hit)
421 http cache @jridgewell/trace-mapping@https://registry.npmjs.org/@jridgewell/trace-mapping/-/trace-mapping-0.3.31.tgz 0ms (cache hit)
422 http cache @jridgewell/sourcemap-codec@https://registry.npmjs.org/@jridgewell/sourcemap-codec/-/sourcemap-codec-1.5.5.tgz 0ms (cache hit)
423 http cache arrify@https://registry.npmjs.org/arrify/-/arrify-1.0.1.tgz 0ms (cache hit)
424 http cache @jridgewell/resolve-uri@https://registry.npmjs.org/@jridgewell/resolve-uri/-/resolve-uri-3.1.2.tgz 0ms (cache hit)
425 http cache @jridgewell/gen-mapping@https://registry.npmjs.org/@jridgewell/gen-mapping/-/gen-mapping-0.3.13.tgz 0ms (cache hit)
426 http cache @jest/schemas@https://registry.npmjs.org/@jest/schemas/-/schemas-29.6.3.tgz 0ms (cache hit)
427 http cache @esbuild/darwin-arm64@https://registry.npmjs.org/@esbuild/darwin-arm64/-/darwin-arm64-0.21.5.tgz 0ms (cache hit)
428 http cache @isaacs/cliui@https://registry.npmjs.org/@isaacs/cliui/-/cliui-8.0.2.tgz 0ms (cache hit)
429 http cache @csstools/css-tokenizer@https://registry.npmjs.org/@csstools/css-tokenizer/-/css-tokenizer-3.0.4.tgz 0ms (cache hit)
430 http cache @csstools/css-parser-algorithms@https://registry.npmjs.org/@csstools/css-parser-algorithms/-/css-parser-algorithms-3.0.5.tgz 0ms (cache hit)
431 http cache @csstools/css-color-parser@https://registry.npmjs.org/@csstools/css-color-parser/-/css-color-parser-3.1.0.tgz 0ms (cache hit)
432 http cache @csstools/css-calc@https://registry.npmjs.org/@csstools/css-calc/-/css-calc-2.1.4.tgz 0ms (cache hit)
433 http cache @csstools/color-helpers@https://registry.npmjs.org/@csstools/color-helpers/-/color-helpers-5.1.0.tgz 0ms (cache hit)
434 http cache @babel/runtime@https://registry.npmjs.org/@babel/runtime/-/runtime-7.28.4.tgz 0ms (cache hit)
435 http cache @babel/helper-validator-identifier@https://registry.npmjs.org/@babel/helper-validator-identifier/-/helper-validator-identifier-7.27.1.tgz 0ms (cache hit)
436 http cache @babel/code-frame@https://registry.npmjs.org/@babel/code-frame/-/code-frame-7.27.1.tgz 0ms (cache hit)
437 http cache @asamuzakjp/css-color@https://registry.npmjs.org/@asamuzakjp/css-color/-/css-color-3.2.0.tgz 0ms (cache hit)
438 http cache @alloc/quick-lru@https://registry.npmjs.org/@alloc/quick-lru/-/quick-lru-5.2.0.tgz 0ms (cache hit)
439 http cache @adobe/css-tools@https://registry.npmjs.org/@adobe/css-tools/-/css-tools-4.4.4.tgz 0ms (cache hit)
440 http cache emoji-regex@https://registry.npmjs.org/emoji-regex/-/emoji-regex-8.0.0.tgz 0ms (cache hit)
441 http cache ansi-styles@https://registry.npmjs.org/ansi-styles/-/ansi-styles-4.3.0.tgz 0ms (cache hit)
442 http cache string-width@https://registry.npmjs.org/string-width/-/string-width-4.2.3.tgz 0ms (cache hit)
443 http cache ansi-styles@https://registry.npmjs.org/ansi-styles/-/ansi-styles-6.2.3.tgz 0ms (cache hit)
444 http cache strip-ansi@https://registry.npmjs.org/strip-ansi/-/strip-ansi-6.0.1.tgz 0ms (cache hit)
445 http cache ansi-regex@https://registry.npmjs.org/ansi-regex/-/ansi-regex-6.2.2.tgz 0ms (cache hit)
446 http cache strip-ansi@https://registry.npmjs.org/strip-ansi/-/strip-ansi-6.0.1.tgz 0ms (cache hit)
447 http cache emoji-regex@https://registry.npmjs.org/emoji-regex/-/emoji-regex-8.0.0.tgz 0ms (cache hit)
448 http cache type-fest@https://registry.npmjs.org/type-fest/-/type-fest-0.6.0.tgz 0ms (cache hit)
449 http cache type-fest@https://registry.npmjs.org/type-fest/-/type-fest-0.8.1.tgz 0ms (cache hit)
450 http cache normalize-package-data@https://registry.npmjs.org/normalize-package-data/-/normalize-package-data-2.5.0.tgz 0ms (cache hit)
451 http cache semver@https://registry.npmjs.org/semver/-/semver-5.7.2.tgz 0ms (cache hit)
452 http cache fastq@https://registry.npmjs.org/fastq/-/fastq-1.19.1.tgz 0ms (cache hit)
453 http cache hosted-git-info@https://registry.npmjs.org/hosted-git-info/-/hosted-git-info-2.8.9.tgz 0ms (cache hit)
454 http cache react-is@https://registry.npmjs.org/react-is/-/react-is-18.3.1.tgz 0ms (cache hit)
455 http cache type-fest@https://registry.npmjs.org/type-fest/-/type-fest-0.18.1.tgz 0ms (cache hit)
456 http cache pretty-format@https://registry.npmjs.org/pretty-format/-/pretty-format-29.7.0.tgz 0ms (cache hit)
457 http cache glob-parent@https://registry.npmjs.org/glob-parent/-/glob-parent-5.1.2.tgz 0ms (cache hit)
458 http cache lru-cache@https://registry.npmjs.org/lru-cache/-/lru-cache-6.0.0.tgz 0ms (cache hit)
459 http cache strip-ansi@https://registry.npmjs.org/strip-ansi/-/strip-ansi-6.0.1.tgz 0ms (cache hit)
460 http cache string-width@https://registry.npmjs.org/string-width/-/string-width-4.2.3.tgz 0ms (cache hit)
461 http cache map-obj@https://registry.npmjs.org/map-obj/-/map-obj-1.0.1.tgz 0ms (cache hit)
462 http cache rrweb-cssom@https://registry.npmjs.org/rrweb-cssom/-/rrweb-cssom-0.8.0.tgz 0ms (cache hit)
463 http cache ansi-styles@https://registry.npmjs.org/ansi-styles/-/ansi-styles-4.3.0.tgz 0ms (cache hit)
464 http cache glob-parent@https://registry.npmjs.org/glob-parent/-/glob-parent-5.1.2.tgz 0ms (cache hit)
465 http cache dom-accessibility-api@https://registry.npmjs.org/dom-accessibility-api/-/dom-accessibility-api-0.6.3.tgz 0ms (cache hit)
466 http cache postcss-nested@https://registry.npmjs.org/postcss-nested/-/postcss-nested-6.2.0.tgz 0ms (cache hit)
467 http cache magic-string@https://registry.npmjs.org/magic-string/-/magic-string-0.30.19.tgz 0ms (cache hit)
468 http cache emoji-regex@https://registry.npmjs.org/emoji-regex/-/emoji-regex-8.0.0.tgz 0ms (cache hit)
469 http cache trim-newlines@https://registry.npmjs.org/trim-newlines/-/trim-newlines-3.0.1.tgz 0ms (cache hit)
470 http cache any-promise@https://registry.npmjs.org/any-promise/-/any-promise-1.3.0.tgz 0ms (cache hit)
471 http fetch POST 200 https://registry.npmjs.org/-/npm/v1/security/advisories/bulk 1089ms
472 silly audit report {
472 silly audit report   esbuild: [
472 silly audit report     {
472 silly audit report       id: 1102341,
472 silly audit report       url: 'https://github.com/advisories/GHSA-67mh-4wv8-2f99',
472 silly audit report       title: 'esbuild enables any website to send any requests to the development server and read the response',
472 silly audit report       severity: 'moderate',
472 silly audit report       vulnerable_versions: '<=0.24.2',
472 silly audit report       cwe: [Array],
472 silly audit report       cvss: [Object]
472 silly audit report     }
472 silly audit report   ]
472 silly audit report }
473 silly packumentCache corgi:https://registry.npmjs.org/esbuild cache-miss
474 http fetch GET 200 https://registry.npmjs.org/esbuild 164ms (cache revalidated)
475 silly packumentCache corgi:https://registry.npmjs.org/esbuild set size:869842 disposed:false
476 silly packumentCache corgi:https://registry.npmjs.org/vite cache-miss
477 http fetch GET 200 https://registry.npmjs.org/vite 98ms (cache revalidated)
478 silly packumentCache corgi:https://registry.npmjs.org/vite set size:2091848 disposed:false
479 silly packumentCache corgi:https://registry.npmjs.org/@vitejs%2fplugin-react-swc cache-miss
480 silly packumentCache corgi:https://registry.npmjs.org/@vitest%2fmocker cache-miss
481 silly packumentCache corgi:https://registry.npmjs.org/vite-node cache-miss
482 silly packumentCache corgi:https://registry.npmjs.org/vitest cache-miss
483 http fetch GET 200 https://registry.npmjs.org/vite-node 80ms (cache revalidated)
484 silly packumentCache corgi:https://registry.npmjs.org/vite-node set size:444499 disposed:false
485 http fetch GET 200 https://registry.npmjs.org/@vitejs%2fplugin-react-swc 366ms (cache revalidated)
486 silly packumentCache corgi:https://registry.npmjs.org/@vitejs%2fplugin-react-swc set size:32691 disposed:false
487 http fetch GET 200 https://registry.npmjs.org/vitest 619ms (cache revalidated)
488 silly packumentCache corgi:https://registry.npmjs.org/vitest set size:1136727 disposed:false
489 http fetch GET 200 https://registry.npmjs.org/@vitest%2fmocker 696ms (cache revalidated)
490 silly packumentCache corgi:https://registry.npmjs.org/@vitest%2fmocker set size:68402 disposed:false
491 info run @swc/core@1.13.5 postinstall node_modules/@swc/core node postinstall.js
492 info run esbuild@0.21.5 postinstall node_modules/esbuild node install.js
493 info run @swc/core@1.13.5 postinstall { code: 0, signal: null }
494 info run esbuild@0.21.5 postinstall { code: 0, signal: null }
495 silly ADD node_modules/zustand
496 silly ADD node_modules/zod
497 silly ADD node_modules/yargs-parser
498 silly ADD node_modules/yallist
499 silly ADD node_modules/xmlchars
500 silly ADD node_modules/xml-name-validator
501 silly ADD node_modules/ws
502 silly ADD node_modules/wrap-ansi-cjs
503 silly ADD node_modules/wrap-ansi-cjs/node_modules/strip-ansi
504 silly ADD node_modules/wrap-ansi-cjs/node_modules/string-width
505 silly ADD node_modules/wrap-ansi-cjs/node_modules/emoji-regex
506 silly ADD node_modules/wrap-ansi-cjs/node_modules/ansi-styles
507 silly ADD node_modules/wrap-ansi
508 silly ADD node_modules/wrap-ansi/node_modules/ansi-styles
509 silly ADD node_modules/why-is-node-running
510 silly ADD node_modules/which
511 silly ADD node_modules/whatwg-url
512 silly ADD node_modules/whatwg-mimetype
513 silly ADD node_modules/whatwg-encoding
514 silly ADD node_modules/webidl-conversions
515 silly ADD node_modules/w3c-xmlserializer
516 silly ADD node_modules/vitest
517 silly ADD node_modules/vite-node
518 silly ADD node_modules/vite
519 silly ADD node_modules/validate-npm-package-license
520 silly ADD node_modules/util-deprecate
521 silly ADD node_modules/update-browserslist-db
522 silly ADD node_modules/undici-types
523 silly ADD node_modules/typescript
524 silly ADD node_modules/type-fest
525 silly ADD node_modules/tsd
526 silly ADD node_modules/ts-interface-checker
527 silly ADD node_modules/trim-newlines
528 silly ADD node_modules/tr46
529 silly ADD node_modules/tough-cookie
530 silly ADD node_modules/to-regex-range
531 silly ADD node_modules/tldts-core
532 silly ADD node_modules/tldts
533 silly ADD node_modules/tinyspy
534 silly ADD node_modules/tinyrainbow
535 silly ADD node_modules/tinypool
536 silly ADD node_modules/tinyexec
537 silly ADD node_modules/tinybench
538 silly ADD node_modules/thenify-all
539 silly ADD node_modules/thenify
540 silly ADD node_modules/tailwindcss-animate
541 silly ADD node_modules/tailwindcss
542 silly ADD node_modules/tailwind-merge
543 silly ADD node_modules/symbol-tree
544 silly ADD node_modules/supports-preserve-symlinks-flag
545 silly ADD node_modules/supports-hyperlinks
546 silly ADD node_modules/supports-color
547 silly ADD node_modules/sucrase
548 silly ADD node_modules/strip-indent
549 silly ADD node_modules/strip-ansi-cjs
550 silly ADD node_modules/strip-ansi
551 silly ADD node_modules/strip-ansi/node_modules/ansi-regex
552 silly ADD node_modules/string-width-cjs
553 silly ADD node_modules/string-width-cjs/node_modules/strip-ansi
554 silly ADD node_modules/string-width-cjs/node_modules/emoji-regex
555 silly ADD node_modules/string-width
556 silly ADD node_modules/std-env
557 silly ADD node_modules/stackback
558 silly ADD node_modules/spdx-license-ids
559 silly ADD node_modules/spdx-expression-parse
560 silly ADD node_modules/spdx-exceptions
561 silly ADD node_modules/spdx-correct
562 silly ADD node_modules/source-map-js
563 silly ADD node_modules/slash
564 silly ADD node_modules/signal-exit
565 silly ADD node_modules/siginfo
566 silly ADD node_modules/shebang-regex
567 silly ADD node_modules/shebang-command
568 silly ADD node_modules/semver
569 silly ADD node_modules/scheduler
570 silly ADD node_modules/saxes
571 silly ADD node_modules/safer-buffer
572 silly ADD node_modules/run-parallel
573 silly ADD node_modules/rrweb-cssom
574 silly ADD node_modules/rollup
575 silly ADD node_modules/reusify
576 silly ADD node_modules/resolve
577 silly ADD node_modules/redent
578 silly ADD node_modules/readdirp
579 silly ADD node_modules/read-pkg-up
580 silly ADD node_modules/read-pkg-up/node_modules/type-fest
581 silly ADD node_modules/read-pkg
582 silly ADD node_modules/read-pkg/node_modules/type-fest
583 silly ADD node_modules/read-pkg/node_modules/semver
584 silly ADD node_modules/read-pkg/node_modules/normalize-package-data
585 silly ADD node_modules/read-pkg/node_modules/hosted-git-info
586 silly ADD node_modules/read-cache
587 silly ADD node_modules/react-router-dom
588 silly ADD node_modules/react-router
589 silly ADD node_modules/react-leaflet
590 silly ADD node_modules/react-is
591 silly ADD node_modules/react-dom
592 silly ADD node_modules/react
593 silly ADD node_modules/quick-lru
594 silly ADD node_modules/queue-microtask
595 silly ADD node_modules/punycode
596 silly ADD node_modules/pretty-format
597 silly ADD node_modules/postcss-value-parser
598 silly ADD node_modules/postcss-selector-parser
599 silly ADD node_modules/postcss-nested
600 silly ADD node_modules/postcss-load-config
601 silly ADD node_modules/postcss-js
602 silly ADD node_modules/postcss-import
603 silly ADD node_modules/postcss
604 silly ADD node_modules/plur
605 silly ADD node_modules/pirates
606 silly ADD node_modules/pify
607 silly ADD node_modules/picomatch
608 silly ADD node_modules/picocolors
609 silly ADD node_modules/pathval
610 silly ADD node_modules/pathe
611 silly ADD node_modules/path-type
612 silly ADD node_modules/path-scurry
613 silly ADD node_modules/path-parse
614 silly ADD node_modules/path-key
615 silly ADD node_modules/path-exists
616 silly ADD node_modules/parse5
617 silly ADD node_modules/parse-json
618 silly ADD node_modules/papaparse
619 silly ADD node_modules/package-json-from-dist
620 silly ADD node_modules/p-try
621 silly ADD node_modules/p-locate
622 silly ADD node_modules/p-limit
623 silly ADD node_modules/object-hash
624 silly ADD node_modules/object-assign
625 silly ADD node_modules/nwsapi
626 silly ADD node_modules/normalize-range
627 silly ADD node_modules/normalize-path
628 silly ADD node_modules/normalize-package-data
629 silly ADD node_modules/node-releases
630 silly ADD node_modules/nanoid
631 silly ADD node_modules/mz
632 silly ADD node_modules/ms
633 silly ADD node_modules/minipass
634 silly ADD node_modules/minimist-options
635 silly ADD node_modules/minimatch
636 silly ADD node_modules/min-indent
637 silly ADD node_modules/mime-types
638 silly ADD node_modules/mime-db
639 silly ADD node_modules/micromatch
640 silly ADD node_modules/merge2
641 silly ADD node_modules/meow
642 silly ADD node_modules/meow/node_modules/type-fest
643 silly ADD node_modules/math-intrinsics
644 silly ADD node_modules/map-obj
645 silly ADD node_modules/magic-string
646 silly ADD node_modules/lz-string
647 silly ADD node_modules/lucide-react
648 silly ADD node_modules/lru-cache
649 silly ADD node_modules/loupe
650 silly ADD node_modules/loose-envify
651 silly ADD node_modules/log-symbols
652 silly ADD node_modules/locate-path
653 silly ADD node_modules/lines-and-columns
654 silly ADD node_modules/lilconfig
655 silly ADD node_modules/leaflet
656 silly ADD node_modules/kind-of
657 silly ADD node_modules/json-parse-even-better-errors
658 silly ADD node_modules/jsdom
659 silly ADD node_modules/js-tokens
660 silly ADD node_modules/jiti
661 silly ADD node_modules/jest-get-type
662 silly ADD node_modules/jest-diff
663 silly ADD node_modules/jest-diff/node_modules/react-is
664 silly ADD node_modules/jest-diff/node_modules/pretty-format
665 silly ADD node_modules/jackspeak
666 silly ADD node_modules/isexe
667 silly ADD node_modules/is-unicode-supported
668 silly ADD node_modules/is-potential-custom-element-name
669 silly ADD node_modules/is-plain-obj
670 silly ADD node_modules/is-number
671 silly ADD node_modules/is-glob
672 silly ADD node_modules/is-fullwidth-code-point
673 silly ADD node_modules/is-extglob
674 silly ADD node_modules/is-core-module
675 silly ADD node_modules/is-binary-path
676 silly ADD node_modules/is-arrayish
677 silly ADD node_modules/irregular-plurals
678 silly ADD node_modules/indent-string
679 silly ADD node_modules/ignore
680 silly ADD node_modules/iconv-lite
681 silly ADD node_modules/https-proxy-agent
682 silly ADD node_modules/http-proxy-agent
683 silly ADD node_modules/html-encoding-sniffer
684 silly ADD node_modules/hosted-git-info
685 silly ADD node_modules/hosted-git-info/node_modules/lru-cache
686 silly ADD node_modules/hasown
687 silly ADD node_modules/has-tostringtag
688 silly ADD node_modules/has-symbols
689 silly ADD node_modules/has-flag
690 silly ADD node_modules/hard-rejection
691 silly ADD node_modules/gopd
692 silly ADD node_modules/globby
693 silly ADD node_modules/glob-parent
694 silly ADD node_modules/glob
695 silly ADD node_modules/get-proto
696 silly ADD node_modules/get-intrinsic
697 silly ADD node_modules/function-bind
698 silly ADD node_modules/fsevents
699 silly ADD node_modules/fraction.js
700 silly ADD node_modules/form-data
701 silly ADD node_modules/foreground-child
702 silly ADD node_modules/find-up
703 silly ADD node_modules/fill-range
704 silly ADD node_modules/fastq
705 silly ADD node_modules/fast-glob
706 silly ADD node_modules/fast-glob/node_modules/glob-parent
707 silly ADD node_modules/expect-type
708 silly ADD node_modules/estree-walker
709 silly ADD node_modules/eslint-rule-docs
710 silly ADD node_modules/eslint-formatter-pretty
711 silly ADD node_modules/eslint-formatter-pretty/node_modules/strip-ansi
712 silly ADD node_modules/eslint-formatter-pretty/node_modules/string-width
713 silly ADD node_modules/eslint-formatter-pretty/node_modules/emoji-regex
714 silly ADD node_modules/escalade
715 silly ADD node_modules/esbuild
716 silly ADD node_modules/es-set-tostringtag
717 silly ADD node_modules/es-object-atoms
718 silly ADD node_modules/es-module-lexer
719 silly ADD node_modules/es-errors
720 silly ADD node_modules/es-define-property
721 silly ADD node_modules/error-ex
722 silly ADD node_modules/entities
723 silly ADD node_modules/emoji-regex
724 silly ADD node_modules/electron-to-chromium
725 silly ADD node_modules/eastasianwidth
726 silly ADD node_modules/dunder-proto
727 silly ADD node_modules/dom-accessibility-api
728 silly ADD node_modules/dlv
729 silly ADD node_modules/dir-glob
730 silly ADD node_modules/diff-sequences
731 silly ADD node_modules/didyoumean
732 silly ADD node_modules/dequal
733 silly ADD node_modules/delayed-stream
734 silly ADD node_modules/deep-eql
735 silly ADD node_modules/decimal.js
736 silly ADD node_modules/decamelize-keys
737 silly ADD node_modules/decamelize-keys/node_modules/map-obj
738 silly ADD node_modules/decamelize
739 silly ADD node_modules/debug
740 silly ADD node_modules/data-urls
741 silly ADD node_modules/csstype
742 silly ADD node_modules/cssstyle
743 silly ADD node_modules/cssstyle/node_modules/rrweb-cssom
744 silly ADD node_modules/cssesc
745 silly ADD node_modules/css.escape
746 silly ADD node_modules/cross-spawn
747 silly ADD node_modules/commander
748 silly ADD node_modules/combined-stream
749 silly ADD node_modules/color-name
750 silly ADD node_modules/color-convert
751 silly ADD node_modules/clsx
752 silly ADD node_modules/class-variance-authority
753 silly ADD node_modules/chokidar
754 silly ADD node_modules/chokidar/node_modules/glob-parent
755 silly ADD node_modules/check-error
756 silly ADD node_modules/chalk
757 silly ADD node_modules/chalk/node_modules/ansi-styles
758 silly ADD node_modules/chai
759 silly ADD node_modules/caniuse-lite
760 silly ADD node_modules/camelcase-keys
761 silly ADD node_modules/camelcase-css
762 silly ADD node_modules/camelcase
763 silly ADD node_modules/call-bind-apply-helpers
764 silly ADD node_modules/cac
765 silly ADD node_modules/browserslist
766 silly ADD node_modules/braces
767 silly ADD node_modules/brace-expansion
768 silly ADD node_modules/binary-extensions
769 silly ADD node_modules/baseline-browser-mapping
770 silly ADD node_modules/balanced-match
771 silly ADD node_modules/autoprefixer
772 silly ADD node_modules/asynckit
773 silly ADD node_modules/assertion-error
774 silly ADD node_modules/arrify
775 silly ADD node_modules/array-union
776 silly ADD node_modules/aria-query
777 silly ADD node_modules/arg
778 silly ADD node_modules/anymatch
779 silly ADD node_modules/any-promise
780 silly ADD node_modules/ansi-styles
781 silly ADD node_modules/ansi-regex
782 silly ADD node_modules/ansi-escapes
783 silly ADD node_modules/agent-base
784 silly ADD node_modules/@vitest/utils
785 silly ADD node_modules/@vitest/spy
786 silly ADD node_modules/@vitest/snapshot
787 silly ADD node_modules/@vitest/runner
788 silly ADD node_modules/@vitest/pretty-format
789 silly ADD node_modules/@vitest/mocker
790 silly ADD node_modules/@vitest/expect
791 silly ADD node_modules/@vitejs/plugin-react-swc
792 silly ADD node_modules/@types/tough-cookie
793 silly ADD node_modules/@types/react-dom
794 silly ADD node_modules/@types/react
795 silly ADD node_modules/@types/prop-types
796 silly ADD node_modules/@types/papaparse
797 silly ADD node_modules/@types/normalize-package-data
798 silly ADD node_modules/@types/node
799 silly ADD node_modules/@types/minimist
800 silly ADD node_modules/@types/leaflet
801 silly ADD node_modules/@types/json-schema
802 silly ADD node_modules/@types/jsdom
803 silly ADD node_modules/@types/geojson
804 silly ADD node_modules/@types/estree
805 silly ADD node_modules/@types/eslint
806 silly ADD node_modules/@types/aria-query
807 silly ADD node_modules/@tsd/typescript
808 silly ADD node_modules/@testing-library/user-event
809 silly ADD node_modules/@testing-library/react
810 silly ADD node_modules/@testing-library/jest-dom
811 silly ADD node_modules/@testing-library/jest-dom/node_modules/dom-accessibility-api
812 silly ADD node_modules/@testing-library/dom
813 silly ADD node_modules/@swc/types
814 silly ADD node_modules/@swc/counter
815 silly ADD
816 silly ADD
817 silly ADD
818 silly ADD
819 silly ADD
820 silly ADD
821 silly ADD
822 silly ADD
823 silly ADD
824 silly ADD node_modules/@swc/core-darwin-arm64
825 silly ADD node_modules/@swc/core
826 silly ADD node_modules/@sinclair/typebox
827 silly ADD
828 silly ADD
829 silly ADD
830 silly ADD
831 silly ADD
832 silly ADD
833 silly ADD
834 silly ADD
835 silly ADD
836 silly ADD
837 silly ADD
838 silly ADD
839 silly ADD
840 silly ADD
841 silly ADD
842 silly ADD
843 silly ADD
844 silly ADD
845 silly ADD
846 silly ADD node_modules/@rollup/rollup-darwin-arm64
847 silly ADD
848 silly ADD
849 silly ADD node_modules/@rolldown/pluginutils
850 silly ADD node_modules/@remix-run/router
851 silly ADD node_modules/@react-leaflet/core
852 silly ADD node_modules/@radix-ui/react-slot
853 silly ADD node_modules/@radix-ui/react-compose-refs
854 silly ADD node_modules/@pkgjs/parseargs
855 silly ADD node_modules/@nodelib/fs.walk
856 silly ADD node_modules/@nodelib/fs.stat
857 silly ADD node_modules/@nodelib/fs.scandir
858 silly ADD node_modules/@jridgewell/trace-mapping
859 silly ADD node_modules/@jridgewell/sourcemap-codec
860 silly ADD node_modules/@jridgewell/resolve-uri
861 silly ADD node_modules/@jridgewell/gen-mapping
862 silly ADD node_modules/@jest/schemas
863 silly ADD node_modules/@isaacs/cliui
864 silly ADD
865 silly ADD
866 silly ADD
867 silly ADD
868 silly ADD
869 silly ADD
870 silly ADD
871 silly ADD
872 silly ADD
873 silly ADD
874 silly ADD
875 silly ADD
876 silly ADD
877 silly ADD
878 silly ADD
879 silly ADD
880 silly ADD
881 silly ADD
882 silly ADD node_modules/@esbuild/darwin-arm64
883 silly ADD
884 silly ADD
885 silly ADD
886 silly ADD
887 silly ADD node_modules/@csstools/css-tokenizer
888 silly ADD node_modules/@csstools/css-parser-algorithms
889 silly ADD node_modules/@csstools/css-color-parser
890 silly ADD node_modules/@csstools/css-calc
891 silly ADD node_modules/@csstools/color-helpers
892 silly ADD node_modules/@babel/runtime
893 silly ADD node_modules/@babel/helper-validator-identifier
894 silly ADD node_modules/@babel/code-frame
895 silly ADD node_modules/@asamuzakjp/css-color
896 silly ADD node_modules/@alloc/quick-lru
897 silly ADD node_modules/@adobe/css-tools
898 verbose cwd /Users/jiamingw/Documents/GitHub/RoadMap
899 verbose os Darwin 25.0.0
900 verbose node v22.19.0
901 verbose npm  v10.9.3
902 verbose exit 0
903 info ok
